<?xml version="1.0" encoding="UTF-8"?>
<coverage generated="1573217376454" clover="3.2.0">
  <project timestamp="1573217376454" name="All files">
    <metrics statements="7" coveredstatements="7" conditionals="2" coveredconditionals="2" methods="1" coveredmethods="1" elements="10" coveredelements="10" complexity="0" loc="7" ncloc="7" packages="1" files="1" classes="1"/>
    <file name="hex.ts" path="/Users/kdarutkin/Documents/GitHub/mtproto-js/src/serialization/hex.ts">
      <metrics statements="7" coveredstatements="7" conditionals="2" coveredconditionals="2" methods="1" coveredmethods="1"/>
      <line num="1" count="7" type="stmt"/>
      <line num="6" count="7" type="stmt"/>
      <line num="7" count="20" type="cond" truecount="2" falsecount="0"/>
      <line num="8" count="20" type="stmt"/>
      <line num="10" count="20" type="stmt"/>
      <line num="11" count="613" type="stmt"/>
      <line num="14" count="20" type="stmt"/>
    </file>
  </project>
</coverage>
