{"/Users/kdarutkin/Documents/GitHub/mtproto-js/src/schema/index.ts": {"path":"/Users/kdarutkin/Documents/GitHub/mtproto-js/src/schema/index.ts","statementMap":{"0":{"start":{"line":4,"column":0},"end":{"line":4,"column":9}},"1":{"start":{"line":4,"column":9},"end":{"line":4,"column":25}},"2":{"start":{"line":5,"column":0},"end":{"line":5,"column":9}},"3":{"start":{"line":5,"column":9},"end":{"line":5,"column":34}}},"fnMap":{},"branchMap":{},"s":{"0":3,"1":3,"2":3,"3":3},"f":{},"b":{}}
,"/Users/kdarutkin/Documents/GitHub/mtproto-js/src/schema/parse.ts": {"path":"/Users/kdarutkin/Documents/GitHub/mtproto-js/src/schema/parse.ts","statementMap":{"0":{"start":{"line":2,"column":0},"end":{"line":2,"column":35}},"1":{"start":{"line":9,"column":15},"end":{"line":9,"column":69}},"2":{"start":{"line":10,"column":15},"end":{"line":10,"column":70}},"3":{"start":{"line":11,"column":15},"end":{"line":11,"column":69}},"4":{"start":{"line":12,"column":15},"end":{"line":12,"column":69}},"5":{"start":{"line":13,"column":15},"end":{"line":13,"column":35}},"6":{"start":{"line":15,"column":2},"end":{"line":15,"column":65}},"7":{"start":{"line":15,"column":18},"end":{"line":15,"column":65}},"8":{"start":{"line":17,"column":31},"end":{"line":22,"column":4}},"9":{"start":{"line":25,"column":2},"end":{"line":25,"column":74}},"10":{"start":{"line":27,"column":12},"end":{"line":27,"column":20}},"11":{"start":{"line":29,"column":2},"end":{"line":85,"column":null}},"12":{"start":{"line":30,"column":15},"end":{"line":30,"column":40}},"13":{"start":{"line":31,"column":4},"end":{"line":31,"column":33}},"14":{"start":{"line":31,"column":21},"end":{"line":31,"column":33}},"15":{"start":{"line":33,"column":17},"end":{"line":33,"column":36}},"16":{"start":{"line":36,"column":4},"end":{"line":84,"column":null}},"17":{"start":{"line":37,"column":6},"end":{"line":37,"column":15}},"18":{"start":{"line":40,"column":11},"end":{"line":84,"column":null}},"19":{"start":{"line":41,"column":6},"end":{"line":41,"column":15}},"20":{"start":{"line":44,"column":11},"end":{"line":84,"column":null}},"21":{"start":{"line":45,"column":6},"end":{"line":45,"column":21}},"22":{"start":{"line":48,"column":11},"end":{"line":84,"column":null}},"23":{"start":{"line":49,"column":6},"end":{"line":49,"column":21}},"24":{"start":{"line":52,"column":11},"end":{"line":84,"column":null}},"25":{"start":{"line":53,"column":6},"end":{"line":53,"column":21}},"26":{"start":{"line":55,"column":20},"end":{"line":55,"column":44}},"27":{"start":{"line":58,"column":6},"end":{"line":83,"column":null}},"28":{"start":{"line":59,"column":21},"end":{"line":59,"column":46}},"29":{"start":{"line":60,"column":21},"end":{"line":60,"column":45}},"30":{"start":{"line":62,"column":21},"end":{"line":62,"column":64}},"31":{"start":{"line":64,"column":8},"end":{"line":67,"column":11}},"32":{"start":{"line":69,"column":8},"end":{"line":69,"column":23}},"33":{"start":{"line":72,"column":13},"end":{"line":83,"column":null}},"34":{"start":{"line":73,"column":8},"end":{"line":73,"column":23}},"35":{"start":{"line":77,"column":21},"end":{"line":77,"column":65}},"36":{"start":{"line":78,"column":8},"end":{"line":78,"column":55}},"37":{"start":{"line":80,"column":8},"end":{"line":80,"column":37}},"38":{"start":{"line":80,"column":25},"end":{"line":80,"column":37}},"39":{"start":{"line":82,"column":8},"end":{"line":82,"column":23}},"40":{"start":{"line":87,"column":2},"end":{"line":87,"column":16}},"41":{"start":{"line":6,"column":0},"end":{"line":6,"column":24}}},"fnMap":{"0":{"name":"parse","decl":{"start":{"line":6,"column":24},"end":{"line":6,"column":29}},"loc":{"start":{"line":6,"column":45},"end":{"line":88,"column":1}}}},"branchMap":{"0":{"loc":{"start":{"line":9,"column":51},"end":{"line":9,"column":65}},"type":"cond-expr","locations":[{"start":{"line":9,"column":51},"end":{"line":9,"column":65}},{"start":{"line":9,"column":68},"end":{"line":9,"column":69}}]},"1":{"loc":{"start":{"line":10,"column":52},"end":{"line":10,"column":66}},"type":"cond-expr","locations":[{"start":{"line":10,"column":52},"end":{"line":10,"column":66}},{"start":{"line":10,"column":69},"end":{"line":10,"column":70}}]},"2":{"loc":{"start":{"line":11,"column":51},"end":{"line":11,"column":65}},"type":"cond-expr","locations":[{"start":{"line":11,"column":51},"end":{"line":11,"column":65}},{"start":{"line":11,"column":68},"end":{"line":11,"column":69}}]},"3":{"loc":{"start":{"line":12,"column":51},"end":{"line":12,"column":65}},"type":"cond-expr","locations":[{"start":{"line":12,"column":51},"end":{"line":12,"column":65}},{"start":{"line":12,"column":68},"end":{"line":12,"column":69}}]},"4":{"loc":{"start":{"line":15,"column":2},"end":{"line":15,"column":65}},"type":"if","locations":[{"start":{"line":15,"column":2},"end":{"line":15,"column":65}},{"start":{"line":15,"column":2},"end":{"line":15,"column":65}}]},"5":{"loc":{"start":{"line":18,"column":22},"end":{"line":18,"column":76}},"type":"cond-expr","locations":[{"start":{"line":18,"column":22},"end":{"line":18,"column":76}},{"start":{"line":18,"column":79},"end":{"line":18,"column":104}}]},"6":{"loc":{"start":{"line":19,"column":30},"end":{"line":19,"column":52}},"type":"cond-expr","locations":[{"start":{"line":19,"column":30},"end":{"line":19,"column":52}},{"start":{"line":19,"column":55},"end":{"line":19,"column":77}}]},"7":{"loc":{"start":{"line":20,"column":23},"end":{"line":20,"column":52}},"type":"cond-expr","locations":[{"start":{"line":20,"column":23},"end":{"line":20,"column":52}},{"start":{"line":20,"column":55},"end":{"line":20,"column":57}}]},"8":{"loc":{"start":{"line":29,"column":9},"end":{"line":29,"column":19}},"type":"binary-expr","locations":[{"start":{"line":29,"column":9},"end":{"line":29,"column":19}},{"start":{"line":29,"column":23},"end":{"line":29,"column":33}}]},"9":{"loc":{"start":{"line":31,"column":4},"end":{"line":31,"column":33}},"type":"if","locations":[{"start":{"line":31,"column":4},"end":{"line":31,"column":33}},{"start":{"line":31,"column":4},"end":{"line":31,"column":33}}]},"10":{"loc":{"start":{"line":36,"column":4},"end":{"line":84,"column":null}},"type":"if","locations":[{"start":{"line":36,"column":4},"end":{"line":84,"column":null}},{"start":{"line":36,"column":4},"end":{"line":84,"column":null}}]},"11":{"loc":{"start":{"line":40,"column":11},"end":{"line":84,"column":null}},"type":"if","locations":[{"start":{"line":40,"column":11},"end":{"line":84,"column":null}},{"start":{"line":40,"column":11},"end":{"line":84,"column":null}}]},"12":{"loc":{"start":{"line":44,"column":11},"end":{"line":84,"column":null}},"type":"if","locations":[{"start":{"line":44,"column":11},"end":{"line":84,"column":null}},{"start":{"line":44,"column":11},"end":{"line":84,"column":null}}]},"13":{"loc":{"start":{"line":48,"column":11},"end":{"line":84,"column":null}},"type":"if","locations":[{"start":{"line":48,"column":11},"end":{"line":84,"column":null}},{"start":{"line":48,"column":11},"end":{"line":84,"column":null}}]},"14":{"loc":{"start":{"line":52,"column":11},"end":{"line":84,"column":null}},"type":"if","locations":[{"start":{"line":52,"column":11},"end":{"line":84,"column":null}},{"start":{"line":52,"column":11},"end":{"line":84,"column":null}}]},"15":{"loc":{"start":{"line":58,"column":6},"end":{"line":83,"column":null}},"type":"if","locations":[{"start":{"line":58,"column":6},"end":{"line":83,"column":null}},{"start":{"line":58,"column":6},"end":{"line":83,"column":null}}]},"16":{"loc":{"start":{"line":72,"column":13},"end":{"line":83,"column":null}},"type":"if","locations":[{"start":{"line":72,"column":13},"end":{"line":83,"column":null}},{"start":{"line":72,"column":13},"end":{"line":83,"column":null}}]},"17":{"loc":{"start":{"line":77,"column":57},"end":{"line":77,"column":61}},"type":"cond-expr","locations":[{"start":{"line":77,"column":57},"end":{"line":77,"column":61}},{"start":{"line":77,"column":64},"end":{"line":77,"column":65}}]},"18":{"loc":{"start":{"line":80,"column":8},"end":{"line":80,"column":37}},"type":"if","locations":[{"start":{"line":80,"column":8},"end":{"line":80,"column":37}},{"start":{"line":80,"column":8},"end":{"line":80,"column":37}}]}},"s":{"0":5,"1":7,"2":7,"3":7,"4":7,"5":7,"6":7,"7":0,"8":7,"9":7,"10":7,"11":7,"12":7,"13":7,"14":0,"15":7,"16":7,"17":0,"18":7,"19":0,"20":7,"21":0,"22":7,"23":0,"24":7,"25":0,"26":7,"27":7,"28":7,"29":7,"30":7,"31":7,"32":7,"33":0,"34":0,"35":0,"36":0,"37":0,"38":0,"39":0,"40":7,"41":5},"f":{"0":7},"b":{"0":[7,0],"1":[7,0],"2":[0,7],"3":[3,4],"4":[0,7],"5":[4,3],"6":[4,3],"7":[7,0],"8":[14,7],"9":[0,7],"10":[0,7],"11":[0,7],"12":[0,7],"13":[0,7],"14":[0,7],"15":[7,0],"16":[0,0],"17":[0,0],"18":[0,0]}}
,"/Users/kdarutkin/Documents/GitHub/mtproto-js/src/schema/provider.ts": {"path":"/Users/kdarutkin/Documents/GitHub/mtproto-js/src/schema/provider.ts","statementMap":{"0":{"start":{"line":2,"column":0},"end":{"line":2,"column":43}},"1":{"start":{"line":3,"column":0},"end":{"line":3,"column":28}},"2":{"start":{"line":8,"column":0},"end":{"line":8,"column":null}},"3":{"start":{"line":17,"column":14},"end":{"line":17,"column":34}},"4":{"start":{"line":10,"column":2},"end":{"line":10,"column":30}},"5":{"start":{"line":18,"column":4},"end":{"line":18,"column":76}},"6":{"start":{"line":20,"column":4},"end":{"line":26,"column":null}},"7":{"start":{"line":20,"column":17},"end":{"line":20,"column":18}},"8":{"start":{"line":21,"column":22},"end":{"line":21,"column":45}},"9":{"start":{"line":22,"column":22},"end":{"line":22,"column":45}},"10":{"start":{"line":24,"column":6},"end":{"line":24,"column":48}},"11":{"start":{"line":24,"column":19},"end":{"line":24,"column":48}},"12":{"start":{"line":25,"column":6},"end":{"line":25,"column":48}},"13":{"start":{"line":25,"column":19},"end":{"line":25,"column":48}},"14":{"start":{"line":35,"column":2},"end":{"line":64,"column":null}},"15":{"start":{"line":36,"column":4},"end":{"line":48,"column":null}},"16":{"start":{"line":36,"column":17},"end":{"line":36,"column":18}},"17":{"start":{"line":37,"column":16},"end":{"line":37,"column":30}},"18":{"start":{"line":39,"column":6},"end":{"line":41,"column":null}},"19":{"start":{"line":40,"column":8},"end":{"line":40,"column":17}},"20":{"start":{"line":43,"column":6},"end":{"line":47,"column":null}},"21":{"start":{"line":46,"column":8},"end":{"line":46,"column":17}},"22":{"start":{"line":50,"column":4},"end":{"line":50,"column":94}},"23":{"start":{"line":50,"column":35},"end":{"line":50,"column":94}},"24":{"start":{"line":52,"column":4},"end":{"line":61,"column":null}},"25":{"start":{"line":53,"column":21},"end":{"line":53,"column":33}},"26":{"start":{"line":55,"column":6},"end":{"line":58,"column":null}},"27":{"start":{"line":56,"column":8},"end":{"line":56,"column":27}},"28":{"start":{"line":57,"column":8},"end":{"line":57,"column":22}},"29":{"start":{"line":60,"column":6},"end":{"line":60,"column":54}},"30":{"start":{"line":63,"column":4},"end":{"line":63,"column":52}},"31":{"start":{"line":70,"column":2},"end":{"line":73,"column":null}},"32":{"start":{"line":71,"column":19},"end":{"line":71,"column":31}},"33":{"start":{"line":72,"column":4},"end":{"line":72,"column":56}},"34":{"start":{"line":72,"column":31},"end":{"line":72,"column":56}},"35":{"start":{"line":74,"column":0},"end":{"line":74,"column":null}}},"fnMap":{"0":{"name":"(anonymous_0)","decl":{"start":{"line":8,"column":0},"end":{"line":8,"column":null}},"loc":{"start":{"line":8,"column":0},"end":{"line":74,"column":null}}},"1":{"name":"SchemaProvider","decl":{"start":{"line":17,"column":2},"end":{"line":17,"column":14}},"loc":{"start":{"line":17,"column":2},"end":{"line":27,"column":3}}},"2":{"name":"(anonymous_2)","decl":{"start":{"line":35,"column":2},"end":{"line":35,"column":6}},"loc":{"start":{"line":35,"column":29},"end":{"line":64,"column":3}}},"3":{"name":"(anonymous_3)","decl":{"start":{"line":70,"column":2},"end":{"line":70,"column":8}},"loc":{"start":{"line":70,"column":22},"end":{"line":73,"column":3}}}},"branchMap":{"0":{"loc":{"start":{"line":24,"column":6},"end":{"line":24,"column":48}},"type":"if","locations":[{"start":{"line":24,"column":6},"end":{"line":24,"column":48}},{"start":{"line":24,"column":6},"end":{"line":24,"column":48}}]},"1":{"loc":{"start":{"line":25,"column":6},"end":{"line":25,"column":48}},"type":"if","locations":[{"start":{"line":25,"column":6},"end":{"line":25,"column":48}},{"start":{"line":25,"column":6},"end":{"line":25,"column":48}}]},"2":{"loc":{"start":{"line":39,"column":6},"end":{"line":41,"column":null}},"type":"if","locations":[{"start":{"line":39,"column":6},"end":{"line":41,"column":null}},{"start":{"line":39,"column":6},"end":{"line":41,"column":null}}]},"3":{"loc":{"start":{"line":39,"column":10},"end":{"line":39,"column":35}},"type":"binary-expr","locations":[{"start":{"line":39,"column":10},"end":{"line":39,"column":35}},{"start":{"line":39,"column":39},"end":{"line":39,"column":67}}]},"4":{"loc":{"start":{"line":43,"column":6},"end":{"line":47,"column":null}},"type":"if","locations":[{"start":{"line":43,"column":6},"end":{"line":47,"column":null}},{"start":{"line":43,"column":6},"end":{"line":47,"column":null}}]},"5":{"loc":{"start":{"line":43,"column":10},"end":{"line":43,"column":35}},"type":"binary-expr","locations":[{"start":{"line":43,"column":10},"end":{"line":43,"column":35}},{"start":{"line":43,"column":40},"end":{"line":43,"column":null}},{"start":{"line":44,"column":10},"end":{"line":44,"column":21}},{"start":{"line":44,"column":25},"end":{"line":44,"column":74}},{"start":{"line":45,"column":10},"end":{"line":45,"column":18}},{"start":{"line":45,"column":22},"end":{"line":45,"column":68}}]},"6":{"loc":{"start":{"line":50,"column":4},"end":{"line":50,"column":94}},"type":"if","locations":[{"start":{"line":50,"column":4},"end":{"line":50,"column":94}},{"start":{"line":50,"column":4},"end":{"line":50,"column":94}}]},"7":{"loc":{"start":{"line":52,"column":4},"end":{"line":61,"column":null}},"type":"if","locations":[{"start":{"line":52,"column":4},"end":{"line":61,"column":null}},{"start":{"line":52,"column":4},"end":{"line":61,"column":null}}]},"8":{"loc":{"start":{"line":55,"column":6},"end":{"line":58,"column":null}},"type":"if","locations":[{"start":{"line":55,"column":6},"end":{"line":58,"column":null}},{"start":{"line":55,"column":6},"end":{"line":58,"column":null}}]},"9":{"loc":{"start":{"line":55,"column":10},"end":{"line":55,"column":16}},"type":"binary-expr","locations":[{"start":{"line":55,"column":10},"end":{"line":55,"column":16}},{"start":{"line":55,"column":20},"end":{"line":55,"column":31}}]},"10":{"loc":{"start":{"line":72,"column":4},"end":{"line":72,"column":56}},"type":"if","locations":[{"start":{"line":72,"column":4},"end":{"line":72,"column":56}},{"start":{"line":72,"column":4},"end":{"line":72,"column":56}}]},"11":{"loc":{"start":{"line":72,"column":8},"end":{"line":72,"column":14}},"type":"binary-expr","locations":[{"start":{"line":72,"column":8},"end":{"line":72,"column":14}},{"start":{"line":72,"column":18},"end":{"line":72,"column":29}}]}},"s":{"0":4,"1":4,"2":4,"3":12,"4":6,"5":6,"6":6,"7":6,"8":0,"9":0,"10":0,"11":0,"12":0,"13":0,"14":4,"15":12,"16":12,"17":300,"18":300,"19":3,"20":297,"21":6,"22":3,"23":0,"24":3,"25":3,"26":3,"27":3,"28":3,"29":0,"30":0,"31":4,"32":3,"33":3,"34":3,"35":4},"f":{"0":4,"1":6,"2":12,"3":3},"b":{"0":[0,0],"1":[0,0],"2":[3,297],"3":[300,52],"4":[6,291],"5":[297,248,248,219,244,29],"6":[0,3],"7":[3,0],"8":[3,0],"9":[3,3],"10":[3,0],"11":[3,3]}}
,"/Users/kdarutkin/Documents/GitHub/mtproto-js/src/serialization/bytes.ts": {"path":"/Users/kdarutkin/Documents/GitHub/mtproto-js/src/serialization/bytes.ts","statementMap":{"0":{"start":{"line":1,"column":0},"end":{"line":1,"column":49}},"1":{"start":{"line":6,"column":0},"end":{"line":6,"column":null}},"2":{"start":{"line":16,"column":4},"end":{"line":26,"column":null}},"3":{"start":{"line":17,"column":19},"end":{"line":17,"column":33}},"4":{"start":{"line":18,"column":16},"end":{"line":18,"column":30}},"5":{"start":{"line":20,"column":6},"end":{"line":20,"column":25}},"6":{"start":{"line":20,"column":15},"end":{"line":20,"column":25}},"7":{"start":{"line":21,"column":6},"end":{"line":21,"column":33}},"8":{"start":{"line":21,"column":17},"end":{"line":21,"column":33}},"9":{"start":{"line":22,"column":6},"end":{"line":22,"column":30}},"10":{"start":{"line":22,"column":17},"end":{"line":22,"column":30}},"11":{"start":{"line":24,"column":6},"end":{"line":24,"column":60}},"12":{"start":{"line":25,"column":6},"end":{"line":25,"column":13}},"13":{"start":{"line":28,"column":4},"end":{"line":38,"column":null}},"14":{"start":{"line":29,"column":19},"end":{"line":29,"column":20}},"15":{"start":{"line":30,"column":16},"end":{"line":30,"column":30}},"16":{"start":{"line":32,"column":6},"end":{"line":32,"column":25}},"17":{"start":{"line":32,"column":15},"end":{"line":32,"column":25}},"18":{"start":{"line":33,"column":6},"end":{"line":33,"column":33}},"19":{"start":{"line":33,"column":17},"end":{"line":33,"column":33}},"20":{"start":{"line":34,"column":6},"end":{"line":34,"column":30}},"21":{"start":{"line":34,"column":17},"end":{"line":34,"column":30}},"22":{"start":{"line":36,"column":6},"end":{"line":36,"column":53}},"23":{"start":{"line":37,"column":6},"end":{"line":37,"column":13}},"24":{"start":{"line":40,"column":4},"end":{"line":43,"column":null}},"25":{"start":{"line":41,"column":6},"end":{"line":41,"column":40}},"26":{"start":{"line":42,"column":6},"end":{"line":42,"column":13}},"27":{"start":{"line":45,"column":4},"end":{"line":45,"column":58}},"28":{"start":{"line":51,"column":2},"end":{"line":53,"column":null}},"29":{"start":{"line":52,"column":4},"end":{"line":52,"column":34}},"30":{"start":{"line":58,"column":2},"end":{"line":61,"column":null}},"31":{"start":{"line":59,"column":12},"end":{"line":59,"column":15}},"32":{"start":{"line":60,"column":4},"end":{"line":60,"column":103}},"33":{"start":{"line":60,"column":59},"end":{"line":60,"column":93}},"34":{"start":{"line":67,"column":23},"end":{"line":67,"column":61}},"35":{"start":{"line":68,"column":4},"end":{"line":70,"column":null}},"36":{"start":{"line":68,"column":17},"end":{"line":68,"column":18}},"37":{"start":{"line":69,"column":6},"end":{"line":69,"column":95}},"38":{"start":{"line":76,"column":2},"end":{"line":78,"column":null}},"39":{"start":{"line":77,"column":4},"end":{"line":77,"column":71}},"40":{"start":{"line":84,"column":4},"end":{"line":86,"column":null}},"41":{"start":{"line":84,"column":17},"end":{"line":84,"column":18}},"42":{"start":{"line":85,"column":6},"end":{"line":85,"column":62}},"43":{"start":{"line":92,"column":2},"end":{"line":101,"column":null}},"44":{"start":{"line":93,"column":14},"end":{"line":93,"column":16}},"45":{"start":{"line":94,"column":4},"end":{"line":94,"column":101}},"46":{"start":{"line":94,"column":17},"end":{"line":94,"column":32}},"47":{"start":{"line":94,"column":50},"end":{"line":94,"column":101}},"48":{"start":{"line":96,"column":4},"end":{"line":98,"column":null}},"49":{"start":{"line":97,"column":6},"end":{"line":97,"column":29}},"50":{"start":{"line":100,"column":4},"end":{"line":100,"column":23}},"51":{"start":{"line":107,"column":16},"end":{"line":107,"column":33}},"52":{"start":{"line":108,"column":23},"end":{"line":108,"column":61}},"53":{"start":{"line":110,"column":4},"end":{"line":112,"column":null}},"54":{"start":{"line":110,"column":17},"end":{"line":110,"column":18}},"55":{"start":{"line":111,"column":6},"end":{"line":111,"column":102}},"56":{"start":{"line":114,"column":4},"end":{"line":116,"column":null}},"57":{"start":{"line":114,"column":17},"end":{"line":114,"column":38}},"58":{"start":{"line":115,"column":6},"end":{"line":115,"column":25}},"59":{"start":{"line":123,"column":2},"end":{"line":128,"column":null}},"60":{"start":{"line":124,"column":4},"end":{"line":124,"column":89}},"61":{"start":{"line":124,"column":25},"end":{"line":124,"column":89}},"62":{"start":{"line":126,"column":17},"end":{"line":126,"column":97}},"63":{"start":{"line":127,"column":4},"end":{"line":127,"column":34}},"64":{"start":{"line":135,"column":4},"end":{"line":135,"column":89}},"65":{"start":{"line":135,"column":25},"end":{"line":135,"column":89}},"66":{"start":{"line":137,"column":17},"end":{"line":137,"column":97}},"67":{"start":{"line":138,"column":4},"end":{"line":138,"column":33}},"68":{"start":{"line":141,"column":2},"end":{"line":143,"column":null}},"69":{"start":{"line":142,"column":4},"end":{"line":142,"column":46}},"70":{"start":{"line":144,"column":0},"end":{"line":144,"column":null}}},"fnMap":{"0":{"name":"(anonymous_0)","decl":{"start":{"line":6,"column":0},"end":{"line":6,"column":null}},"loc":{"start":{"line":6,"column":0},"end":{"line":144,"column":null}}},"1":{"name":"Bytes","decl":{"start":{"line":15,"column":2},"end":{"line":15,"column":14}},"loc":{"start":{"line":15,"column":56},"end":{"line":46,"column":3}}},"2":{"name":"(anonymous_2)","decl":{"start":{"line":51,"column":2},"end":{"line":51,"column":6}},"loc":{"start":{"line":51,"column":2},"end":{"line":53,"column":3}}},"3":{"name":"(anonymous_3)","decl":{"start":{"line":58,"column":2},"end":{"line":58,"column":6}},"loc":{"start":{"line":58,"column":2},"end":{"line":61,"column":3}}},"4":{"name":"(anonymous_4)","decl":{"start":{"line":60,"column":33},"end":{"line":60,"column":34}},"loc":{"start":{"line":60,"column":46},"end":{"line":60,"column":63}}},"5":{"name":"(anonymous_5)","decl":{"start":{"line":66,"column":2},"end":{"line":66,"column":10}},"loc":{"start":{"line":66,"column":21},"end":{"line":71,"column":3}}},"6":{"name":"(anonymous_6)","decl":{"start":{"line":76,"column":2},"end":{"line":76,"column":6}},"loc":{"start":{"line":76,"column":2},"end":{"line":78,"column":3}}},"7":{"name":"(anonymous_7)","decl":{"start":{"line":83,"column":2},"end":{"line":83,"column":10}},"loc":{"start":{"line":83,"column":21},"end":{"line":87,"column":3}}},"8":{"name":"(anonymous_8)","decl":{"start":{"line":92,"column":2},"end":{"line":92,"column":6}},"loc":{"start":{"line":92,"column":2},"end":{"line":101,"column":3}}},"9":{"name":"(anonymous_9)","decl":{"start":{"line":106,"column":2},"end":{"line":106,"column":11}},"loc":{"start":{"line":106,"column":36},"end":{"line":117,"column":3}}},"10":{"name":"(anonymous_10)","decl":{"start":{"line":123,"column":2},"end":{"line":123,"column":6}},"loc":{"start":{"line":123,"column":2},"end":{"line":128,"column":3}}},"11":{"name":"(anonymous_11)","decl":{"start":{"line":134,"column":2},"end":{"line":134,"column":10}},"loc":{"start":{"line":134,"column":22},"end":{"line":139,"column":3}}},"12":{"name":"(anonymous_12)","decl":{"start":{"line":141,"column":2},"end":{"line":141,"column":7}},"loc":{"start":{"line":141,"column":36},"end":{"line":143,"column":3}}}},"branchMap":{"0":{"loc":{"start":{"line":16,"column":4},"end":{"line":26,"column":null}},"type":"if","locations":[{"start":{"line":16,"column":4},"end":{"line":26,"column":null}},{"start":{"line":16,"column":4},"end":{"line":26,"column":null}}]},"1":{"loc":{"start":{"line":20,"column":6},"end":{"line":20,"column":25}},"type":"if","locations":[{"start":{"line":20,"column":6},"end":{"line":20,"column":25}},{"start":{"line":20,"column":6},"end":{"line":20,"column":25}}]},"2":{"loc":{"start":{"line":21,"column":6},"end":{"line":21,"column":33}},"type":"if","locations":[{"start":{"line":21,"column":6},"end":{"line":21,"column":33}},{"start":{"line":21,"column":6},"end":{"line":21,"column":33}}]},"3":{"loc":{"start":{"line":22,"column":6},"end":{"line":22,"column":30}},"type":"if","locations":[{"start":{"line":22,"column":6},"end":{"line":22,"column":30}},{"start":{"line":22,"column":6},"end":{"line":22,"column":30}}]},"4":{"loc":{"start":{"line":28,"column":4},"end":{"line":38,"column":null}},"type":"if","locations":[{"start":{"line":28,"column":4},"end":{"line":38,"column":null}},{"start":{"line":28,"column":4},"end":{"line":38,"column":null}}]},"5":{"loc":{"start":{"line":32,"column":6},"end":{"line":32,"column":25}},"type":"if","locations":[{"start":{"line":32,"column":6},"end":{"line":32,"column":25}},{"start":{"line":32,"column":6},"end":{"line":32,"column":25}}]},"6":{"loc":{"start":{"line":33,"column":6},"end":{"line":33,"column":33}},"type":"if","locations":[{"start":{"line":33,"column":6},"end":{"line":33,"column":33}},{"start":{"line":33,"column":6},"end":{"line":33,"column":33}}]},"7":{"loc":{"start":{"line":34,"column":6},"end":{"line":34,"column":30}},"type":"if","locations":[{"start":{"line":34,"column":6},"end":{"line":34,"column":30}},{"start":{"line":34,"column":6},"end":{"line":34,"column":30}}]},"8":{"loc":{"start":{"line":40,"column":4},"end":{"line":43,"column":null}},"type":"if","locations":[{"start":{"line":40,"column":4},"end":{"line":43,"column":null}},{"start":{"line":40,"column":4},"end":{"line":43,"column":null}}]},"9":{"loc":{"start":{"line":67,"column":46},"end":{"line":67,"column":55}},"type":"cond-expr","locations":[{"start":{"line":67,"column":46},"end":{"line":67,"column":55}},{"start":{"line":67,"column":58},"end":{"line":67,"column":61}}]},"10":{"loc":{"start":{"line":69,"column":56},"end":{"line":69,"column":91}},"type":"cond-expr","locations":[{"start":{"line":69,"column":56},"end":{"line":69,"column":91}},{"start":{"line":69,"column":93},"end":{"line":69,"column":94}}]},"11":{"loc":{"start":{"line":85,"column":40},"end":{"line":85,"column":57}},"type":"cond-expr","locations":[{"start":{"line":85,"column":40},"end":{"line":85,"column":57}},{"start":{"line":85,"column":60},"end":{"line":85,"column":61}}]},"12":{"loc":{"start":{"line":96,"column":4},"end":{"line":98,"column":null}},"type":"if","locations":[{"start":{"line":96,"column":4},"end":{"line":98,"column":null}},{"start":{"line":96,"column":4},"end":{"line":98,"column":null}}]},"13":{"loc":{"start":{"line":108,"column":46},"end":{"line":108,"column":55}},"type":"cond-expr","locations":[{"start":{"line":108,"column":46},"end":{"line":108,"column":55}},{"start":{"line":108,"column":58},"end":{"line":108,"column":61}}]},"14":{"loc":{"start":{"line":124,"column":4},"end":{"line":124,"column":89}},"type":"if","locations":[{"start":{"line":124,"column":4},"end":{"line":124,"column":89}},{"start":{"line":124,"column":4},"end":{"line":124,"column":89}}]},"15":{"loc":{"start":{"line":135,"column":4},"end":{"line":135,"column":89}},"type":"if","locations":[{"start":{"line":135,"column":4},"end":{"line":135,"column":89}},{"start":{"line":135,"column":4},"end":{"line":135,"column":89}}]}},"s":{"0":10,"1":10,"2":201,"3":149,"4":149,"5":149,"6":136,"7":149,"8":93,"9":149,"10":93,"11":149,"12":149,"13":52,"14":1,"15":1,"16":1,"17":0,"18":1,"19":0,"20":1,"21":0,"22":1,"23":1,"24":51,"25":51,"26":51,"27":0,"28":10,"29":536,"30":10,"31":19,"32":19,"33":78,"34":11,"35":11,"36":11,"37":43,"38":10,"39":7,"40":6,"41":6,"42":328,"43":10,"44":22,"45":22,"46":22,"47":196,"48":22,"49":15,"50":7,"51":24,"52":24,"53":24,"54":24,"55":92,"56":24,"57":24,"58":28,"59":10,"60":19,"61":0,"62":19,"63":19,"64":17,"65":0,"66":17,"67":17,"68":10,"69":137,"70":10},"f":{"0":10,"1":201,"2":536,"3":19,"4":78,"5":11,"6":7,"7":6,"8":22,"9":24,"10":19,"11":17,"12":137},"b":{"0":[149,52],"1":[136,13],"2":[93,56],"3":[93,56],"4":[1,51],"5":[0,1],"6":[0,1],"7":[0,1],"8":[51,0],"9":[1,10],"10":[41,2],"11":[328,0],"12":[15,7],"13":[17,7],"14":[0,19],"15":[0,17]}}
,"/Users/kdarutkin/Documents/GitHub/mtproto-js/src/serialization/hex.ts": {"path":"/Users/kdarutkin/Documents/GitHub/mtproto-js/src/serialization/hex.ts","statementMap":{"0":{"start":{"line":1,"column":0},"end":{"line":1,"column":28}},"1":{"start":{"line":4,"column":21},"end":{"line":4,"column":59}},"2":{"start":{"line":5,"column":16},"end":{"line":5,"column":48}},"3":{"start":{"line":7,"column":2},"end":{"line":9,"column":null}},"4":{"start":{"line":7,"column":15},"end":{"line":7,"column":16}},"5":{"start":{"line":8,"column":4},"end":{"line":8,"column":61}},"6":{"start":{"line":11,"column":2},"end":{"line":11,"column":15}},"7":{"start":{"line":3,"column":0},"end":{"line":3,"column":24}}},"fnMap":{"0":{"name":"hex","decl":{"start":{"line":3,"column":24},"end":{"line":3,"column":27}},"loc":{"start":{"line":3,"column":39},"end":{"line":12,"column":1}}}},"branchMap":{"0":{"loc":{"start":{"line":4,"column":44},"end":{"line":4,"column":53}},"type":"cond-expr","locations":[{"start":{"line":4,"column":44},"end":{"line":4,"column":53}},{"start":{"line":4,"column":56},"end":{"line":4,"column":59}}]}},"s":{"0":7,"1":31,"2":31,"3":31,"4":31,"5":1065,"6":31,"7":7},"f":{"0":31},"b":{"0":[1,30]}}
,"/Users/kdarutkin/Documents/GitHub/mtproto-js/src/serialization/index.ts": {"path":"/Users/kdarutkin/Documents/GitHub/mtproto-js/src/serialization/index.ts","statementMap":{"0":{"start":{"line":1,"column":0},"end":{"line":1,"column":9}},"1":{"start":{"line":1,"column":9},"end":{"line":1,"column":23}},"2":{"start":{"line":2,"column":0},"end":{"line":2,"column":9}},"3":{"start":{"line":2,"column":9},"end":{"line":2,"column":25}}},"fnMap":{},"branchMap":{},"s":{"0":5,"1":5,"2":5,"3":5},"f":{},"b":{}}
,"/Users/kdarutkin/Documents/GitHub/mtproto-js/src/tl/abstract.ts": {"path":"/Users/kdarutkin/Documents/GitHub/mtproto-js/src/tl/abstract.ts","statementMap":{"0":{"start":{"line":4,"column":0},"end":{"line":4,"column":null}},"1":{"start":{"line":6,"column":2},"end":{"line":6,"column":21}},"2":{"start":{"line":9,"column":2},"end":{"line":9,"column":25}},"3":{"start":{"line":12,"column":2},"end":{"line":12,"column":30}},"4":{"start":{"line":15,"column":2},"end":{"line":15,"column":24}},"5":{"start":{"line":21,"column":2},"end":{"line":21,"column":24}},"6":{"start":{"line":24,"column":2},"end":{"line":24,"column":20}},"7":{"start":{"line":29,"column":2},"end":{"line":31,"column":null}},"8":{"start":{"line":30,"column":4},"end":{"line":30,"column":26}},"9":{"start":{"line":37,"column":4},"end":{"line":37,"column":26}},"10":{"start":{"line":43,"column":2},"end":{"line":52,"column":null}},"11":{"start":{"line":43,"column":19},"end":{"line":43,"column":null}},"12":{"start":{"line":44,"column":4},"end":{"line":44,"column":62}},"13":{"start":{"line":44,"column":18},"end":{"line":44,"column":62}},"14":{"start":{"line":46,"column":4},"end":{"line":49,"column":null}},"15":{"start":{"line":47,"column":6},"end":{"line":47,"column":59}},"16":{"start":{"line":48,"column":6},"end":{"line":48,"column":32}},"17":{"start":{"line":51,"column":4},"end":{"line":51,"column":34}},"18":{"start":{"line":57,"column":2},"end":{"line":66,"column":null}},"19":{"start":{"line":57,"column":20},"end":{"line":57,"column":null}},"20":{"start":{"line":58,"column":4},"end":{"line":58,"column":62}},"21":{"start":{"line":58,"column":18},"end":{"line":58,"column":62}},"22":{"start":{"line":60,"column":4},"end":{"line":63,"column":null}},"23":{"start":{"line":61,"column":6},"end":{"line":61,"column":59}},"24":{"start":{"line":62,"column":6},"end":{"line":62,"column":32}},"25":{"start":{"line":65,"column":4},"end":{"line":65,"column":34}},"26":{"start":{"line":71,"column":2},"end":{"line":73,"column":null}},"27":{"start":{"line":72,"column":4},"end":{"line":72,"column":29}},"28":{"start":{"line":78,"column":2},"end":{"line":80,"column":null}},"29":{"start":{"line":79,"column":4},"end":{"line":79,"column":22}},"30":{"start":{"line":81,"column":0},"end":{"line":81,"column":null}}},"fnMap":{"0":{"name":"(anonymous_0)","decl":{"start":{"line":4,"column":0},"end":{"line":4,"column":null}},"loc":{"start":{"line":4,"column":0},"end":{"line":81,"column":null}}},"1":{"name":"(anonymous_2)","decl":{"start":{"line":29,"column":2},"end":{"line":29,"column":6}},"loc":{"start":{"line":29,"column":2},"end":{"line":31,"column":3}}},"2":{"name":"(anonymous_3)","decl":{"start":{"line":36,"column":2},"end":{"line":36,"column":15}},"loc":{"start":{"line":36,"column":27},"end":{"line":38,"column":3}}},"3":{"name":"(anonymous_4)","decl":{"start":{"line":43,"column":2},"end":{"line":43,"column":6}},"loc":{"start":{"line":43,"column":37},"end":{"line":52,"column":3}}},"4":{"name":"(anonymous_5)","decl":{"start":{"line":57,"column":2},"end":{"line":57,"column":7}},"loc":{"start":{"line":57,"column":38},"end":{"line":66,"column":3}}},"5":{"name":"(anonymous_6)","decl":{"start":{"line":71,"column":2},"end":{"line":71,"column":10}},"loc":{"start":{"line":71,"column":2},"end":{"line":73,"column":3}}},"6":{"name":"(anonymous_7)","decl":{"start":{"line":78,"column":2},"end":{"line":78,"column":6}},"loc":{"start":{"line":78,"column":2},"end":{"line":80,"column":3}}}},"branchMap":{"0":{"loc":{"start":{"line":43,"column":19},"end":{"line":43,"column":null}},"type":"if","locations":[{"start":{"line":43,"column":19},"end":{"line":43,"column":null}},{"start":{"line":43,"column":19},"end":{"line":43,"column":null}}]},"1":{"loc":{"start":{"line":44,"column":4},"end":{"line":44,"column":62}},"type":"if","locations":[{"start":{"line":44,"column":4},"end":{"line":44,"column":62}},{"start":{"line":44,"column":4},"end":{"line":44,"column":62}}]},"2":{"loc":{"start":{"line":46,"column":4},"end":{"line":49,"column":null}},"type":"if","locations":[{"start":{"line":46,"column":4},"end":{"line":49,"column":null}},{"start":{"line":46,"column":4},"end":{"line":49,"column":null}}]},"3":{"loc":{"start":{"line":57,"column":20},"end":{"line":57,"column":null}},"type":"if","locations":[{"start":{"line":57,"column":20},"end":{"line":57,"column":null}},{"start":{"line":57,"column":20},"end":{"line":57,"column":null}}]},"4":{"loc":{"start":{"line":58,"column":4},"end":{"line":58,"column":62}},"type":"if","locations":[{"start":{"line":58,"column":4},"end":{"line":58,"column":62}},{"start":{"line":58,"column":4},"end":{"line":58,"column":62}}]},"5":{"loc":{"start":{"line":60,"column":4},"end":{"line":63,"column":null}},"type":"if","locations":[{"start":{"line":60,"column":4},"end":{"line":63,"column":null}},{"start":{"line":60,"column":4},"end":{"line":63,"column":null}}]}},"s":{"0":8,"1":134,"2":134,"3":134,"4":134,"5":134,"6":134,"7":8,"8":74,"9":36,"10":8,"11":1,"12":1,"13":0,"14":1,"15":1,"16":1,"17":1,"18":8,"19":1,"20":1,"21":0,"22":1,"23":1,"24":1,"25":1,"26":8,"27":0,"28":8,"29":0,"30":8},"f":{"0":142,"1":74,"2":36,"3":1,"4":1,"5":0,"6":0},"b":{"0":[0,1],"1":[0,1],"2":[1,0],"3":[0,1],"4":[0,1],"5":[1,0]}}
,"/Users/kdarutkin/Documents/GitHub/mtproto-js/src/tl/boolean.ts": {"path":"/Users/kdarutkin/Documents/GitHub/mtproto-js/src/tl/boolean.ts","statementMap":{"0":{"start":{"line":3,"column":0},"end":{"line":3,"column":36}},"1":{"start":{"line":6,"column":16},"end":{"line":6,"column":26}},"2":{"start":{"line":7,"column":17},"end":{"line":7,"column":27}},"3":{"start":{"line":10,"column":0},"end":{"line":10,"column":null}},"4":{"start":{"line":10,"column":39},"end":{"line":10,"column":49}},"5":{"start":{"line":26,"column":33},"end":{"line":26,"column":51}},"6":{"start":{"line":26,"column":51},"end":{"line":26,"column":null}},"7":{"start":{"line":27,"column":4},"end":{"line":27,"column":null}},"8":{"start":{"line":18,"column":2},"end":{"line":18,"column":21}},"9":{"start":{"line":21,"column":2},"end":{"line":21,"column":25}},"10":{"start":{"line":29,"column":4},"end":{"line":29,"column":33}},"11":{"start":{"line":30,"column":4},"end":{"line":30,"column":23}},"12":{"start":{"line":32,"column":4},"end":{"line":32,"column":32}},"13":{"start":{"line":32,"column":14},"end":{"line":32,"column":32}},"14":{"start":{"line":38,"column":2},"end":{"line":40,"column":null}},"15":{"start":{"line":39,"column":4},"end":{"line":39,"column":56}},"16":{"start":{"line":46,"column":4},"end":{"line":46,"column":26}},"17":{"start":{"line":52,"column":2},"end":{"line":61,"column":null}},"18":{"start":{"line":52,"column":19},"end":{"line":52,"column":null}},"19":{"start":{"line":53,"column":4},"end":{"line":53,"column":62}},"20":{"start":{"line":53,"column":18},"end":{"line":53,"column":62}},"21":{"start":{"line":55,"column":4},"end":{"line":58,"column":null}},"22":{"start":{"line":56,"column":6},"end":{"line":56,"column":59}},"23":{"start":{"line":57,"column":6},"end":{"line":57,"column":44}},"24":{"start":{"line":60,"column":4},"end":{"line":60,"column":34}},"25":{"start":{"line":66,"column":2},"end":{"line":75,"column":null}},"26":{"start":{"line":66,"column":20},"end":{"line":66,"column":null}},"27":{"start":{"line":67,"column":4},"end":{"line":67,"column":62}},"28":{"start":{"line":67,"column":18},"end":{"line":67,"column":62}},"29":{"start":{"line":69,"column":4},"end":{"line":72,"column":null}},"30":{"start":{"line":70,"column":6},"end":{"line":70,"column":59}},"31":{"start":{"line":71,"column":6},"end":{"line":71,"column":62}},"32":{"start":{"line":74,"column":4},"end":{"line":74,"column":34}},"33":{"start":{"line":15,"column":9},"end":{"line":15,"column":39}},"34":{"start":{"line":76,"column":0},"end":{"line":76,"column":null}},"35":{"start":{"line":10,"column":21},"end":{"line":10,"column":39}}},"fnMap":{"0":{"name":"(anonymous_0)","decl":{"start":{"line":10,"column":0},"end":{"line":10,"column":21}},"loc":{"start":{"line":10,"column":0},"end":{"line":10,"column":21}}},"1":{"name":"TLBoolean","decl":{"start":{"line":26,"column":2},"end":{"line":26,"column":14}},"loc":{"start":{"line":26,"column":78},"end":{"line":33,"column":3}}},"2":{"name":"(anonymous_2)","decl":{"start":{"line":38,"column":2},"end":{"line":38,"column":6}},"loc":{"start":{"line":38,"column":2},"end":{"line":40,"column":3}}},"3":{"name":"(anonymous_3)","decl":{"start":{"line":45,"column":2},"end":{"line":45,"column":15}},"loc":{"start":{"line":45,"column":27},"end":{"line":47,"column":3}}},"4":{"name":"(anonymous_4)","decl":{"start":{"line":52,"column":2},"end":{"line":52,"column":6}},"loc":{"start":{"line":52,"column":37},"end":{"line":61,"column":3}}},"5":{"name":"(anonymous_5)","decl":{"start":{"line":66,"column":2},"end":{"line":66,"column":7}},"loc":{"start":{"line":66,"column":38},"end":{"line":75,"column":3}}}},"branchMap":{"0":{"loc":{"start":{"line":26,"column":33},"end":{"line":26,"column":51}},"type":"if","locations":[{"start":{"line":26,"column":33},"end":{"line":26,"column":51}},{"start":{"line":26,"column":33},"end":{"line":26,"column":51}}]},"1":{"loc":{"start":{"line":26,"column":51},"end":{"line":26,"column":null}},"type":"if","locations":[{"start":{"line":26,"column":51},"end":{"line":26,"column":null}},{"start":{"line":26,"column":51},"end":{"line":26,"column":null}}]},"2":{"loc":{"start":{"line":27,"column":4},"end":{"line":27,"column":11}},"type":"binary-expr","locations":[{"start":{"line":27,"column":4},"end":{"line":27,"column":11}},{"start":{"line":27,"column":11},"end":{"line":27,"column":null}}]},"3":{"loc":{"start":{"line":32,"column":4},"end":{"line":32,"column":32}},"type":"if","locations":[{"start":{"line":32,"column":4},"end":{"line":32,"column":32}},{"start":{"line":32,"column":4},"end":{"line":32,"column":32}}]},"4":{"loc":{"start":{"line":39,"column":50},"end":{"line":39,"column":51}},"type":"cond-expr","locations":[{"start":{"line":39,"column":50},"end":{"line":39,"column":51}},{"start":{"line":39,"column":54},"end":{"line":39,"column":55}}]},"5":{"loc":{"start":{"line":39,"column":11},"end":{"line":39,"column":26}},"type":"binary-expr","locations":[{"start":{"line":39,"column":11},"end":{"line":39,"column":26}},{"start":{"line":39,"column":30},"end":{"line":39,"column":47}}]},"6":{"loc":{"start":{"line":52,"column":19},"end":{"line":52,"column":null}},"type":"if","locations":[{"start":{"line":52,"column":19},"end":{"line":52,"column":null}},{"start":{"line":52,"column":19},"end":{"line":52,"column":null}}]},"7":{"loc":{"start":{"line":53,"column":4},"end":{"line":53,"column":62}},"type":"if","locations":[{"start":{"line":53,"column":4},"end":{"line":53,"column":62}},{"start":{"line":53,"column":4},"end":{"line":53,"column":62}}]},"8":{"loc":{"start":{"line":55,"column":4},"end":{"line":58,"column":null}},"type":"if","locations":[{"start":{"line":55,"column":4},"end":{"line":58,"column":null}},{"start":{"line":55,"column":4},"end":{"line":58,"column":null}}]},"9":{"loc":{"start":{"line":66,"column":20},"end":{"line":66,"column":null}},"type":"if","locations":[{"start":{"line":66,"column":20},"end":{"line":66,"column":null}},{"start":{"line":66,"column":20},"end":{"line":66,"column":null}}]},"10":{"loc":{"start":{"line":67,"column":4},"end":{"line":67,"column":62}},"type":"if","locations":[{"start":{"line":67,"column":4},"end":{"line":67,"column":62}},{"start":{"line":67,"column":4},"end":{"line":67,"column":62}}]},"11":{"loc":{"start":{"line":69,"column":4},"end":{"line":72,"column":null}},"type":"if","locations":[{"start":{"line":69,"column":4},"end":{"line":72,"column":null}},{"start":{"line":69,"column":4},"end":{"line":72,"column":null}}]},"12":{"loc":{"start":{"line":71,"column":43},"end":{"line":71,"column":50}},"type":"cond-expr","locations":[{"start":{"line":71,"column":43},"end":{"line":71,"column":50}},{"start":{"line":71,"column":53},"end":{"line":71,"column":61}}]}},"s":{"0":4,"1":4,"2":4,"3":4,"4":4,"5":17,"6":18,"7":10,"8":10,"9":10,"10":10,"11":10,"12":10,"13":2,"14":4,"15":29,"16":0,"17":4,"18":4,"19":4,"20":0,"21":4,"22":3,"23":3,"24":4,"25":4,"26":5,"27":5,"28":0,"29":5,"30":4,"31":4,"32":5,"33":4,"34":4,"35":4},"f":{"0":4,"1":10,"2":29,"3":0,"4":4,"5":5},"b":{"0":[7,3],"1":[8,2],"2":[10,10],"3":[2,8],"4":[4,25],"5":[29,4],"6":[0,4],"7":[0,4],"8":[3,1],"9":[0,5],"10":[0,5],"11":[4,1],"12":[2,2]}}
,"/Users/kdarutkin/Documents/GitHub/mtproto-js/src/tl/bytes.ts": {"path":"/Users/kdarutkin/Documents/GitHub/mtproto-js/src/tl/bytes.ts","statementMap":{"0":{"start":{"line":2,"column":0},"end":{"line":2,"column":36}},"1":{"start":{"line":8,"column":0},"end":{"line":8,"column":null}},"2":{"start":{"line":8,"column":37},"end":{"line":8,"column":47}},"3":{"start":{"line":27,"column":4},"end":{"line":27,"column":null}},"4":{"start":{"line":18,"column":2},"end":{"line":18,"column":22}},"5":{"start":{"line":21,"column":2},"end":{"line":21,"column":21}},"6":{"start":{"line":29,"column":4},"end":{"line":29,"column":23}},"7":{"start":{"line":30,"column":4},"end":{"line":32,"column":null}},"8":{"start":{"line":31,"column":6},"end":{"line":31,"column":24}},"9":{"start":{"line":38,"column":2},"end":{"line":58,"column":null}},"10":{"start":{"line":39,"column":15},"end":{"line":39,"column":16}},"11":{"start":{"line":40,"column":14},"end":{"line":40,"column":15}},"12":{"start":{"line":42,"column":4},"end":{"line":46,"column":null}},"13":{"start":{"line":43,"column":6},"end":{"line":43,"column":30}},"14":{"start":{"line":45,"column":6},"end":{"line":45,"column":34}},"15":{"start":{"line":48,"column":4},"end":{"line":52,"column":null}},"16":{"start":{"line":49,"column":6},"end":{"line":49,"column":15}},"17":{"start":{"line":51,"column":6},"end":{"line":51,"column":15}},"18":{"start":{"line":54,"column":4},"end":{"line":54,"column":32}},"19":{"start":{"line":55,"column":4},"end":{"line":55,"column":71}},"20":{"start":{"line":55,"column":28},"end":{"line":55,"column":71}},"21":{"start":{"line":57,"column":4},"end":{"line":57,"column":26}},"22":{"start":{"line":64,"column":4},"end":{"line":64,"column":26}},"23":{"start":{"line":70,"column":2},"end":{"line":101,"column":null}},"24":{"start":{"line":70,"column":19},"end":{"line":70,"column":null}},"25":{"start":{"line":71,"column":4},"end":{"line":71,"column":62}},"26":{"start":{"line":71,"column":18},"end":{"line":71,"column":62}},"27":{"start":{"line":73,"column":15},"end":{"line":73,"column":33}},"28":{"start":{"line":74,"column":15},"end":{"line":74,"column":16}},"29":{"start":{"line":75,"column":14},"end":{"line":75,"column":15}},"30":{"start":{"line":77,"column":4},"end":{"line":83,"column":null}},"31":{"start":{"line":78,"column":6},"end":{"line":78,"column":15}},"32":{"start":{"line":79,"column":6},"end":{"line":79,"column":15}},"33":{"start":{"line":81,"column":6},"end":{"line":81,"column":61}},"34":{"start":{"line":82,"column":6},"end":{"line":82,"column":15}},"35":{"start":{"line":85,"column":4},"end":{"line":85,"column":32}},"36":{"start":{"line":86,"column":4},"end":{"line":86,"column":71}},"37":{"start":{"line":86,"column":28},"end":{"line":86,"column":71}},"38":{"start":{"line":88,"column":4},"end":{"line":88,"column":58}},"39":{"start":{"line":90,"column":4},"end":{"line":98,"column":null}},"40":{"start":{"line":91,"column":6},"end":{"line":95,"column":null}},"41":{"start":{"line":92,"column":8},"end":{"line":92,"column":86}},"42":{"start":{"line":94,"column":8},"end":{"line":94,"column":74}},"43":{"start":{"line":97,"column":6},"end":{"line":97,"column":56}},"44":{"start":{"line":100,"column":4},"end":{"line":100,"column":35}},"45":{"start":{"line":106,"column":2},"end":{"line":140,"column":null}},"46":{"start":{"line":106,"column":20},"end":{"line":106,"column":null}},"47":{"start":{"line":107,"column":4},"end":{"line":107,"column":62}},"48":{"start":{"line":107,"column":18},"end":{"line":107,"column":62}},"49":{"start":{"line":109,"column":15},"end":{"line":109,"column":16}},"50":{"start":{"line":110,"column":14},"end":{"line":110,"column":15}},"51":{"start":{"line":112,"column":4},"end":{"line":116,"column":null}},"52":{"start":{"line":113,"column":6},"end":{"line":113,"column":30}},"53":{"start":{"line":115,"column":6},"end":{"line":115,"column":34}},"54":{"start":{"line":118,"column":4},"end":{"line":122,"column":null}},"55":{"start":{"line":119,"column":6},"end":{"line":119,"column":15}},"56":{"start":{"line":121,"column":6},"end":{"line":121,"column":15}},"57":{"start":{"line":124,"column":4},"end":{"line":124,"column":57}},"58":{"start":{"line":126,"column":4},"end":{"line":131,"column":null}},"59":{"start":{"line":127,"column":6},"end":{"line":127,"column":38}},"60":{"start":{"line":129,"column":6},"end":{"line":129,"column":39}},"61":{"start":{"line":130,"column":6},"end":{"line":130,"column":38}},"62":{"start":{"line":133,"column":4},"end":{"line":137,"column":null}},"63":{"start":{"line":134,"column":6},"end":{"line":134,"column":86}},"64":{"start":{"line":136,"column":6},"end":{"line":136,"column":56}},"65":{"start":{"line":139,"column":4},"end":{"line":139,"column":34}},"66":{"start":{"line":13,"column":9},"end":{"line":15,"column":4}},"67":{"start":{"line":141,"column":0},"end":{"line":141,"column":null}},"68":{"start":{"line":8,"column":21},"end":{"line":8,"column":37}}},"fnMap":{"0":{"name":"(anonymous_0)","decl":{"start":{"line":8,"column":0},"end":{"line":8,"column":21}},"loc":{"start":{"line":8,"column":0},"end":{"line":8,"column":21}}},"1":{"name":"TLBytes","decl":{"start":{"line":26,"column":2},"end":{"line":26,"column":14}},"loc":{"start":{"line":26,"column":46},"end":{"line":33,"column":3}}},"2":{"name":"(anonymous_2)","decl":{"start":{"line":38,"column":2},"end":{"line":38,"column":6}},"loc":{"start":{"line":38,"column":2},"end":{"line":58,"column":3}}},"3":{"name":"(anonymous_3)","decl":{"start":{"line":63,"column":2},"end":{"line":63,"column":15}},"loc":{"start":{"line":63,"column":27},"end":{"line":65,"column":3}}},"4":{"name":"(anonymous_4)","decl":{"start":{"line":70,"column":2},"end":{"line":70,"column":6}},"loc":{"start":{"line":70,"column":37},"end":{"line":101,"column":3}}},"5":{"name":"(anonymous_5)","decl":{"start":{"line":106,"column":2},"end":{"line":106,"column":7}},"loc":{"start":{"line":106,"column":38},"end":{"line":140,"column":3}}}},"branchMap":{"0":{"loc":{"start":{"line":27,"column":4},"end":{"line":27,"column":11}},"type":"binary-expr","locations":[{"start":{"line":27,"column":4},"end":{"line":27,"column":11}},{"start":{"line":27,"column":11},"end":{"line":27,"column":null}}]},"1":{"loc":{"start":{"line":30,"column":4},"end":{"line":32,"column":null}},"type":"if","locations":[{"start":{"line":30,"column":4},"end":{"line":32,"column":null}},{"start":{"line":30,"column":4},"end":{"line":32,"column":null}}]},"2":{"loc":{"start":{"line":42,"column":4},"end":{"line":46,"column":null}},"type":"if","locations":[{"start":{"line":42,"column":4},"end":{"line":46,"column":null}},{"start":{"line":42,"column":4},"end":{"line":46,"column":null}}]},"3":{"loc":{"start":{"line":48,"column":4},"end":{"line":52,"column":null}},"type":"if","locations":[{"start":{"line":48,"column":4},"end":{"line":52,"column":null}},{"start":{"line":48,"column":4},"end":{"line":52,"column":null}}]},"4":{"loc":{"start":{"line":55,"column":4},"end":{"line":55,"column":71}},"type":"if","locations":[{"start":{"line":55,"column":4},"end":{"line":55,"column":71}},{"start":{"line":55,"column":4},"end":{"line":55,"column":71}}]},"5":{"loc":{"start":{"line":70,"column":19},"end":{"line":70,"column":null}},"type":"if","locations":[{"start":{"line":70,"column":19},"end":{"line":70,"column":null}},{"start":{"line":70,"column":19},"end":{"line":70,"column":null}}]},"6":{"loc":{"start":{"line":71,"column":4},"end":{"line":71,"column":62}},"type":"if","locations":[{"start":{"line":71,"column":4},"end":{"line":71,"column":62}},{"start":{"line":71,"column":4},"end":{"line":71,"column":62}}]},"7":{"loc":{"start":{"line":77,"column":4},"end":{"line":83,"column":null}},"type":"if","locations":[{"start":{"line":77,"column":4},"end":{"line":83,"column":null}},{"start":{"line":77,"column":4},"end":{"line":83,"column":null}}]},"8":{"loc":{"start":{"line":86,"column":4},"end":{"line":86,"column":71}},"type":"if","locations":[{"start":{"line":86,"column":4},"end":{"line":86,"column":71}},{"start":{"line":86,"column":4},"end":{"line":86,"column":71}}]},"9":{"loc":{"start":{"line":90,"column":4},"end":{"line":98,"column":null}},"type":"if","locations":[{"start":{"line":90,"column":4},"end":{"line":98,"column":null}},{"start":{"line":90,"column":4},"end":{"line":98,"column":null}}]},"10":{"loc":{"start":{"line":106,"column":20},"end":{"line":106,"column":null}},"type":"if","locations":[{"start":{"line":106,"column":20},"end":{"line":106,"column":null}},{"start":{"line":106,"column":20},"end":{"line":106,"column":null}}]},"11":{"loc":{"start":{"line":107,"column":4},"end":{"line":107,"column":62}},"type":"if","locations":[{"start":{"line":107,"column":4},"end":{"line":107,"column":62}},{"start":{"line":107,"column":4},"end":{"line":107,"column":62}}]},"12":{"loc":{"start":{"line":112,"column":4},"end":{"line":116,"column":null}},"type":"if","locations":[{"start":{"line":112,"column":4},"end":{"line":116,"column":null}},{"start":{"line":112,"column":4},"end":{"line":116,"column":null}}]},"13":{"loc":{"start":{"line":118,"column":4},"end":{"line":122,"column":null}},"type":"if","locations":[{"start":{"line":118,"column":4},"end":{"line":122,"column":null}},{"start":{"line":118,"column":4},"end":{"line":122,"column":null}}]},"14":{"loc":{"start":{"line":126,"column":4},"end":{"line":131,"column":null}},"type":"if","locations":[{"start":{"line":126,"column":4},"end":{"line":131,"column":null}},{"start":{"line":126,"column":4},"end":{"line":131,"column":null}}]},"15":{"loc":{"start":{"line":133,"column":4},"end":{"line":137,"column":null}},"type":"if","locations":[{"start":{"line":133,"column":4},"end":{"line":137,"column":null}},{"start":{"line":133,"column":4},"end":{"line":137,"column":null}}]}},"s":{"0":4,"1":4,"2":4,"3":20,"4":20,"5":20,"6":20,"7":20,"8":3,"9":4,"10":30,"11":30,"12":30,"13":12,"14":18,"15":30,"16":28,"17":2,"18":30,"19":30,"20":16,"21":30,"22":0,"23":4,"24":9,"25":9,"26":0,"27":9,"28":9,"29":9,"30":9,"31":8,"32":8,"33":1,"34":1,"35":9,"36":9,"37":5,"38":9,"39":9,"40":4,"41":4,"42":0,"43":5,"44":9,"45":4,"46":9,"47":9,"48":0,"49":9,"50":9,"51":9,"52":4,"53":5,"54":9,"55":8,"56":1,"57":9,"58":9,"59":8,"60":1,"61":1,"62":9,"63":4,"64":5,"65":9,"66":4,"67":4,"68":4},"f":{"0":4,"1":20,"2":30,"3":0,"4":9,"5":9},"b":{"0":[20,20],"1":[3,17],"2":[12,18],"3":[28,2],"4":[16,14],"5":[0,9],"6":[0,9],"7":[8,1],"8":[5,4],"9":[4,5],"10":[0,9],"11":[0,9],"12":[4,5],"13":[8,1],"14":[8,1],"15":[4,5]}}
,"/Users/kdarutkin/Documents/GitHub/mtproto-js/src/tl/constructor.ts": {"path":"/Users/kdarutkin/Documents/GitHub/mtproto-js/src/tl/constructor.ts","statementMap":{"0":{"start":{"line":3,"column":0},"end":{"line":3,"column":41}},"1":{"start":{"line":4,"column":0},"end":{"line":4,"column":36}},"2":{"start":{"line":5,"column":0},"end":{"line":5,"column":30}},"3":{"start":{"line":6,"column":0},"end":{"line":6,"column":32}},"4":{"start":{"line":9,"column":0},"end":{"line":9,"column":null}},"5":{"start":{"line":9,"column":43},"end":{"line":9,"column":53}},"6":{"start":{"line":31,"column":62},"end":{"line":31,"column":87}},"7":{"start":{"line":31,"column":87},"end":{"line":31,"column":null}},"8":{"start":{"line":32,"column":4},"end":{"line":32,"column":null}},"9":{"start":{"line":11,"column":2},"end":{"line":11,"column":17}},"10":{"start":{"line":14,"column":2},"end":{"line":14,"column":26}},"11":{"start":{"line":17,"column":2},"end":{"line":17,"column":42}},"12":{"start":{"line":23,"column":2},"end":{"line":23,"column":31}},"13":{"start":{"line":26,"column":2},"end":{"line":26,"column":42}},"14":{"start":{"line":34,"column":4},"end":{"line":34,"column":25}},"15":{"start":{"line":35,"column":4},"end":{"line":35,"column":25}},"16":{"start":{"line":37,"column":4},"end":{"line":39,"column":null}},"17":{"start":{"line":38,"column":6},"end":{"line":38,"column":37}},"18":{"start":{"line":41,"column":4},"end":{"line":43,"column":null}},"19":{"start":{"line":42,"column":6},"end":{"line":42,"column":24}},"20":{"start":{"line":49,"column":2},"end":{"line":66,"column":null}},"21":{"start":{"line":50,"column":4},"end":{"line":50,"column":35}},"22":{"start":{"line":51,"column":4},"end":{"line":51,"column":63}},"23":{"start":{"line":52,"column":4},"end":{"line":52,"column":21}},"24":{"start":{"line":53,"column":4},"end":{"line":53,"column":22}},"25":{"start":{"line":55,"column":4},"end":{"line":65,"column":null}},"26":{"start":{"line":56,"column":6},"end":{"line":64,"column":null}},"27":{"start":{"line":56,"column":19},"end":{"line":56,"column":20}},"28":{"start":{"line":57,"column":22},"end":{"line":57,"column":48}},"29":{"start":{"line":59,"column":8},"end":{"line":63,"column":null}},"30":{"start":{"line":60,"column":10},"end":{"line":60,"column":37}},"31":{"start":{"line":62,"column":10},"end":{"line":62,"column":69}},"32":{"start":{"line":71,"column":2},"end":{"line":82,"column":null}},"33":{"start":{"line":72,"column":4},"end":{"line":79,"column":null}},"34":{"start":{"line":73,"column":6},"end":{"line":78,"column":null}},"35":{"start":{"line":73,"column":19},"end":{"line":73,"column":20}},"36":{"start":{"line":74,"column":29},"end":{"line":74,"column":73}},"37":{"start":{"line":75,"column":8},"end":{"line":77,"column":null}},"38":{"start":{"line":76,"column":10},"end":{"line":76,"column":51}},"39":{"start":{"line":76,"column":39},"end":{"line":76,"column":51}},"40":{"start":{"line":81,"column":4},"end":{"line":81,"column":17}},"41":{"start":{"line":87,"column":2},"end":{"line":131,"column":null}},"42":{"start":{"line":87,"column":19},"end":{"line":87,"column":null}},"43":{"start":{"line":88,"column":4},"end":{"line":88,"column":62}},"44":{"start":{"line":88,"column":18},"end":{"line":88,"column":62}},"45":{"start":{"line":90,"column":21},"end":{"line":90,"column":27}},"46":{"start":{"line":93,"column":4},"end":{"line":96,"column":null}},"47":{"start":{"line":94,"column":18},"end":{"line":94,"column":59}},"48":{"start":{"line":95,"column":6},"end":{"line":95,"column":40}},"49":{"start":{"line":98,"column":4},"end":{"line":98,"column":59}},"50":{"start":{"line":101,"column":4},"end":{"line":103,"column":null}},"51":{"start":{"line":102,"column":6},"end":{"line":102,"column":52}},"52":{"start":{"line":106,"column":4},"end":{"line":126,"column":null}},"53":{"start":{"line":107,"column":6},"end":{"line":125,"column":null}},"54":{"start":{"line":107,"column":19},"end":{"line":107,"column":20}},"55":{"start":{"line":108,"column":22},"end":{"line":108,"column":48}},"56":{"start":{"line":109,"column":29},"end":{"line":109,"column":52}},"57":{"start":{"line":111,"column":8},"end":{"line":111,"column":36}},"58":{"start":{"line":111,"column":27},"end":{"line":111,"column":36}},"59":{"start":{"line":114,"column":8},"end":{"line":119,"column":null}},"60":{"start":{"line":115,"column":10},"end":{"line":117,"column":null}},"61":{"start":{"line":116,"column":12},"end":{"line":116,"column":38}},"62":{"start":{"line":118,"column":10},"end":{"line":118,"column":19}},"63":{"start":{"line":122,"column":8},"end":{"line":124,"column":null}},"64":{"start":{"line":123,"column":10},"end":{"line":123,"column":58}},"65":{"start":{"line":128,"column":4},"end":{"line":128,"column":57}},"66":{"start":{"line":130,"column":4},"end":{"line":130,"column":22}},"67":{"start":{"line":136,"column":2},"end":{"line":175,"column":null}},"68":{"start":{"line":136,"column":20},"end":{"line":136,"column":null}},"69":{"start":{"line":137,"column":4},"end":{"line":137,"column":62}},"70":{"start":{"line":137,"column":18},"end":{"line":137,"column":62}},"71":{"start":{"line":139,"column":4},"end":{"line":139,"column":57}},"72":{"start":{"line":141,"column":21},"end":{"line":141,"column":27}},"73":{"start":{"line":144,"column":4},"end":{"line":147,"column":null}},"74":{"start":{"line":145,"column":6},"end":{"line":145,"column":54}},"75":{"start":{"line":146,"column":6},"end":{"line":146,"column":22}},"76":{"start":{"line":150,"column":4},"end":{"line":152,"column":null}},"77":{"start":{"line":151,"column":6},"end":{"line":151,"column":53}},"78":{"start":{"line":155,"column":4},"end":{"line":172,"column":null}},"79":{"start":{"line":156,"column":6},"end":{"line":171,"column":null}},"80":{"start":{"line":156,"column":19},"end":{"line":156,"column":20}},"81":{"start":{"line":157,"column":22},"end":{"line":157,"column":48}},"82":{"start":{"line":158,"column":29},"end":{"line":158,"column":52}},"83":{"start":{"line":160,"column":8},"end":{"line":160,"column":36}},"84":{"start":{"line":160,"column":27},"end":{"line":160,"column":36}},"85":{"start":{"line":162,"column":8},"end":{"line":165,"column":null}},"86":{"start":{"line":163,"column":10},"end":{"line":163,"column":74}},"87":{"start":{"line":163,"column":35},"end":{"line":163,"column":74}},"88":{"start":{"line":164,"column":10},"end":{"line":164,"column":19}},"89":{"start":{"line":167,"column":8},"end":{"line":170,"column":null}},"90":{"start":{"line":168,"column":10},"end":{"line":168,"column":59}},"91":{"start":{"line":169,"column":10},"end":{"line":169,"column":74}},"92":{"start":{"line":169,"column":35},"end":{"line":169,"column":74}},"93":{"start":{"line":174,"column":4},"end":{"line":174,"column":22}},"94":{"start":{"line":180,"column":2},"end":{"line":203,"column":null}},"95":{"start":{"line":209,"column":19},"end":{"line":209,"column":44}},"96":{"start":{"line":211,"column":4},"end":{"line":218,"column":null}},"97":{"start":{"line":212,"column":6},"end":{"line":212,"column":24}},"98":{"start":{"line":214,"column":6},"end":{"line":217,"column":null}},"99":{"start":{"line":214,"column":19},"end":{"line":214,"column":20}},"100":{"start":{"line":215,"column":22},"end":{"line":215,"column":48}},"101":{"start":{"line":216,"column":8},"end":{"line":216,"column":88}},"102":{"start":{"line":216,"column":37},"end":{"line":216,"column":88}},"103":{"start":{"line":220,"column":4},"end":{"line":220,"column":18}},"104":{"start":{"line":181,"column":4},"end":{"line":181,"column":22}},"105":{"start":{"line":181,"column":15},"end":{"line":181,"column":22}},"106":{"start":{"line":183,"column":4},"end":{"line":183,"column":53}},"107":{"start":{"line":183,"column":16},"end":{"line":183,"column":53}},"108":{"start":{"line":185,"column":4},"end":{"line":202,"column":null}},"109":{"start":{"line":186,"column":6},"end":{"line":201,"column":null}},"110":{"start":{"line":186,"column":19},"end":{"line":186,"column":20}},"111":{"start":{"line":187,"column":22},"end":{"line":187,"column":48}},"112":{"start":{"line":188,"column":27},"end":{"line":188,"column":50}},"113":{"start":{"line":190,"column":8},"end":{"line":190,"column":36}},"114":{"start":{"line":190,"column":27},"end":{"line":190,"column":36}},"115":{"start":{"line":192,"column":8},"end":{"line":198,"column":null}},"116":{"start":{"line":193,"column":10},"end":{"line":193,"column":53}},"117":{"start":{"line":194,"column":10},"end":{"line":194,"column":42}},"118":{"start":{"line":195,"column":10},"end":{"line":195,"column":19}},"119":{"start":{"line":197,"column":10},"end":{"line":197,"column":48}},"120":{"start":{"line":200,"column":8},"end":{"line":200,"column":99}},"121":{"start":{"line":200,"column":60},"end":{"line":200,"column":99}},"122":{"start":{"line":227,"column":2},"end":{"line":246,"column":null}},"123":{"start":{"line":228,"column":4},"end":{"line":228,"column":41}},"124":{"start":{"line":230,"column":4},"end":{"line":230,"column":58}},"125":{"start":{"line":230,"column":20},"end":{"line":230,"column":58}},"126":{"start":{"line":232,"column":4},"end":{"line":243,"column":null}},"127":{"start":{"line":233,"column":6},"end":{"line":242,"column":null}},"128":{"start":{"line":233,"column":19},"end":{"line":233,"column":20}},"129":{"start":{"line":234,"column":22},"end":{"line":234,"column":48}},"130":{"start":{"line":235,"column":29},"end":{"line":235,"column":52}},"131":{"start":{"line":237,"column":8},"end":{"line":237,"column":36}},"132":{"start":{"line":237,"column":27},"end":{"line":237,"column":36}},"133":{"start":{"line":239,"column":8},"end":{"line":241,"column":null}},"134":{"start":{"line":240,"column":10},"end":{"line":240,"column":50}},"135":{"start":{"line":245,"column":4},"end":{"line":245,"column":26}},"136":{"start":{"line":252,"column":4},"end":{"line":252,"column":26}},"137":{"start":{"line":258,"column":2},"end":{"line":263,"column":null}},"138":{"start":{"line":259,"column":16},"end":{"line":259,"column":40}},"139":{"start":{"line":260,"column":4},"end":{"line":260,"column":23}},"140":{"start":{"line":262,"column":4},"end":{"line":262,"column":15}},"141":{"start":{"line":269,"column":2},"end":{"line":274,"column":null}},"142":{"start":{"line":270,"column":4},"end":{"line":270,"column":83}},"143":{"start":{"line":270,"column":71},"end":{"line":270,"column":83}},"144":{"start":{"line":271,"column":4},"end":{"line":271,"column":85}},"145":{"start":{"line":271,"column":72},"end":{"line":271,"column":85}},"146":{"start":{"line":273,"column":4},"end":{"line":273,"column":22}},"147":{"start":{"line":275,"column":0},"end":{"line":275,"column":null}}},"fnMap":{"0":{"name":"(anonymous_0)","decl":{"start":{"line":9,"column":0},"end":{"line":9,"column":43}},"loc":{"start":{"line":9,"column":0},"end":{"line":275,"column":null}}},"1":{"name":"TLConstructor","decl":{"start":{"line":31,"column":2},"end":{"line":31,"column":14}},"loc":{"start":{"line":31,"column":117},"end":{"line":44,"column":3}}},"2":{"name":"(anonymous_2)","decl":{"start":{"line":49,"column":2},"end":{"line":49,"column":7}},"loc":{"start":{"line":49,"column":33},"end":{"line":66,"column":3}}},"3":{"name":"(anonymous_3)","decl":{"start":{"line":71,"column":2},"end":{"line":71,"column":10}},"loc":{"start":{"line":71,"column":2},"end":{"line":82,"column":3}}},"4":{"name":"(anonymous_4)","decl":{"start":{"line":87,"column":2},"end":{"line":87,"column":6}},"loc":{"start":{"line":87,"column":37},"end":{"line":131,"column":3}}},"5":{"name":"(anonymous_5)","decl":{"start":{"line":136,"column":2},"end":{"line":136,"column":7}},"loc":{"start":{"line":136,"column":38},"end":{"line":175,"column":3}}},"6":{"name":"(anonymous_6)","decl":{"start":{"line":208,"column":2},"end":{"line":208,"column":null}},"loc":{"start":{"line":208,"column":2},"end":{"line":221,"column":3}}},"7":{"name":"(anonymous_7)","decl":{"start":{"line":180,"column":2},"end":{"line":180,"column":6}},"loc":{"start":{"line":180,"column":37},"end":{"line":203,"column":3}}},"8":{"name":"(anonymous_8)","decl":{"start":{"line":227,"column":2},"end":{"line":227,"column":6}},"loc":{"start":{"line":227,"column":2},"end":{"line":246,"column":3}}},"9":{"name":"(anonymous_9)","decl":{"start":{"line":251,"column":2},"end":{"line":251,"column":15}},"loc":{"start":{"line":251,"column":27},"end":{"line":253,"column":3}}},"10":{"name":"(anonymous_10)","decl":{"start":{"line":258,"column":2},"end":{"line":258,"column":11}},"loc":{"start":{"line":258,"column":2},"end":{"line":263,"column":3}}},"11":{"name":"(anonymous_11)","decl":{"start":{"line":269,"column":2},"end":{"line":269,"column":6}},"loc":{"start":{"line":269,"column":2},"end":{"line":274,"column":3}}}},"branchMap":{"0":{"loc":{"start":{"line":31,"column":62},"end":{"line":31,"column":87}},"type":"if","locations":[{"start":{"line":31,"column":62},"end":{"line":31,"column":87}},{"start":{"line":31,"column":62},"end":{"line":31,"column":87}}]},"1":{"loc":{"start":{"line":31,"column":87},"end":{"line":31,"column":null}},"type":"if","locations":[{"start":{"line":31,"column":87},"end":{"line":31,"column":null}},{"start":{"line":31,"column":87},"end":{"line":31,"column":null}}]},"2":{"loc":{"start":{"line":32,"column":4},"end":{"line":32,"column":11}},"type":"binary-expr","locations":[{"start":{"line":32,"column":4},"end":{"line":32,"column":11}},{"start":{"line":32,"column":11},"end":{"line":32,"column":null}}]},"3":{"loc":{"start":{"line":37,"column":4},"end":{"line":39,"column":null}},"type":"if","locations":[{"start":{"line":37,"column":4},"end":{"line":39,"column":null}},{"start":{"line":37,"column":4},"end":{"line":39,"column":null}}]},"4":{"loc":{"start":{"line":37,"column":8},"end":{"line":37,"column":13}},"type":"binary-expr","locations":[{"start":{"line":37,"column":8},"end":{"line":37,"column":13}},{"start":{"line":37,"column":17},"end":{"line":37,"column":23}}]},"5":{"loc":{"start":{"line":41,"column":4},"end":{"line":43,"column":null}},"type":"if","locations":[{"start":{"line":41,"column":4},"end":{"line":43,"column":null}},{"start":{"line":41,"column":4},"end":{"line":43,"column":null}}]},"6":{"loc":{"start":{"line":51,"column":13},"end":{"line":51,"column":34}},"type":"binary-expr","locations":[{"start":{"line":51,"column":13},"end":{"line":51,"column":34}},{"start":{"line":51,"column":38},"end":{"line":51,"column":56}},{"start":{"line":51,"column":60},"end":{"line":51,"column":62}}]},"7":{"loc":{"start":{"line":55,"column":4},"end":{"line":65,"column":null}},"type":"if","locations":[{"start":{"line":55,"column":4},"end":{"line":65,"column":null}},{"start":{"line":55,"column":4},"end":{"line":65,"column":null}}]},"8":{"loc":{"start":{"line":59,"column":8},"end":{"line":63,"column":null}},"type":"if","locations":[{"start":{"line":59,"column":8},"end":{"line":63,"column":null}},{"start":{"line":59,"column":8},"end":{"line":63,"column":null}}]},"9":{"loc":{"start":{"line":59,"column":12},"end":{"line":59,"column":34}},"type":"binary-expr","locations":[{"start":{"line":59,"column":12},"end":{"line":59,"column":34}},{"start":{"line":59,"column":38},"end":{"line":59,"column":56}}]},"10":{"loc":{"start":{"line":72,"column":4},"end":{"line":79,"column":null}},"type":"if","locations":[{"start":{"line":72,"column":4},"end":{"line":79,"column":null}},{"start":{"line":72,"column":4},"end":{"line":79,"column":null}}]},"11":{"loc":{"start":{"line":72,"column":8},"end":{"line":72,"column":24}},"type":"binary-expr","locations":[{"start":{"line":72,"column":8},"end":{"line":72,"column":24}},{"start":{"line":72,"column":28},"end":{"line":72,"column":51}}]},"12":{"loc":{"start":{"line":75,"column":8},"end":{"line":77,"column":null}},"type":"if","locations":[{"start":{"line":75,"column":8},"end":{"line":77,"column":null}},{"start":{"line":75,"column":8},"end":{"line":77,"column":null}}]},"13":{"loc":{"start":{"line":76,"column":10},"end":{"line":76,"column":51}},"type":"if","locations":[{"start":{"line":76,"column":10},"end":{"line":76,"column":51}},{"start":{"line":76,"column":10},"end":{"line":76,"column":51}}]},"14":{"loc":{"start":{"line":87,"column":19},"end":{"line":87,"column":null}},"type":"if","locations":[{"start":{"line":87,"column":19},"end":{"line":87,"column":null}},{"start":{"line":87,"column":19},"end":{"line":87,"column":null}}]},"15":{"loc":{"start":{"line":88,"column":4},"end":{"line":88,"column":62}},"type":"if","locations":[{"start":{"line":88,"column":4},"end":{"line":88,"column":62}},{"start":{"line":88,"column":4},"end":{"line":88,"column":62}}]},"16":{"loc":{"start":{"line":93,"column":4},"end":{"line":96,"column":null}},"type":"if","locations":[{"start":{"line":93,"column":4},"end":{"line":96,"column":null}},{"start":{"line":93,"column":4},"end":{"line":96,"column":null}}]},"17":{"loc":{"start":{"line":98,"column":31},"end":{"line":98,"column":41}},"type":"cond-expr","locations":[{"start":{"line":98,"column":31},"end":{"line":98,"column":41}},{"start":{"line":98,"column":44},"end":{"line":98,"column":58}}]},"18":{"loc":{"start":{"line":101,"column":4},"end":{"line":103,"column":null}},"type":"if","locations":[{"start":{"line":101,"column":4},"end":{"line":103,"column":null}},{"start":{"line":101,"column":4},"end":{"line":103,"column":null}}]},"19":{"loc":{"start":{"line":106,"column":4},"end":{"line":126,"column":null}},"type":"if","locations":[{"start":{"line":106,"column":4},"end":{"line":126,"column":null}},{"start":{"line":106,"column":4},"end":{"line":126,"column":null}}]},"20":{"loc":{"start":{"line":111,"column":8},"end":{"line":111,"column":36}},"type":"if","locations":[{"start":{"line":111,"column":8},"end":{"line":111,"column":36}},{"start":{"line":111,"column":8},"end":{"line":111,"column":36}}]},"21":{"loc":{"start":{"line":114,"column":8},"end":{"line":119,"column":null}},"type":"if","locations":[{"start":{"line":114,"column":8},"end":{"line":119,"column":null}},{"start":{"line":114,"column":8},"end":{"line":119,"column":null}}]},"22":{"loc":{"start":{"line":114,"column":12},"end":{"line":114,"column":35}},"type":"binary-expr","locations":[{"start":{"line":114,"column":12},"end":{"line":114,"column":35}},{"start":{"line":114,"column":39},"end":{"line":114,"column":64}}]},"23":{"loc":{"start":{"line":115,"column":10},"end":{"line":117,"column":null}},"type":"if","locations":[{"start":{"line":115,"column":10},"end":{"line":117,"column":null}},{"start":{"line":115,"column":10},"end":{"line":117,"column":null}}]},"24":{"loc":{"start":{"line":115,"column":14},"end":{"line":115,"column":33}},"type":"binary-expr","locations":[{"start":{"line":115,"column":14},"end":{"line":115,"column":33}},{"start":{"line":115,"column":37},"end":{"line":115,"column":75}}]},"25":{"loc":{"start":{"line":122,"column":8},"end":{"line":124,"column":null}},"type":"if","locations":[{"start":{"line":122,"column":8},"end":{"line":124,"column":null}},{"start":{"line":122,"column":8},"end":{"line":124,"column":null}}]},"26":{"loc":{"start":{"line":122,"column":12},"end":{"line":122,"column":36}},"type":"binary-expr","locations":[{"start":{"line":122,"column":12},"end":{"line":122,"column":36}},{"start":{"line":122,"column":41},"end":{"line":122,"column":60}},{"start":{"line":122,"column":64},"end":{"line":122,"column":102}}]},"27":{"loc":{"start":{"line":136,"column":20},"end":{"line":136,"column":null}},"type":"if","locations":[{"start":{"line":136,"column":20},"end":{"line":136,"column":null}},{"start":{"line":136,"column":20},"end":{"line":136,"column":null}}]},"28":{"loc":{"start":{"line":137,"column":4},"end":{"line":137,"column":62}},"type":"if","locations":[{"start":{"line":137,"column":4},"end":{"line":137,"column":62}},{"start":{"line":137,"column":4},"end":{"line":137,"column":62}}]},"29":{"loc":{"start":{"line":144,"column":4},"end":{"line":147,"column":null}},"type":"if","locations":[{"start":{"line":144,"column":4},"end":{"line":147,"column":null}},{"start":{"line":144,"column":4},"end":{"line":147,"column":null}}]},"30":{"loc":{"start":{"line":144,"column":8},"end":{"line":144,"column":20}},"type":"binary-expr","locations":[{"start":{"line":144,"column":8},"end":{"line":144,"column":20}},{"start":{"line":144,"column":24},"end":{"line":144,"column":40}}]},"31":{"loc":{"start":{"line":150,"column":4},"end":{"line":152,"column":null}},"type":"if","locations":[{"start":{"line":150,"column":4},"end":{"line":152,"column":null}},{"start":{"line":150,"column":4},"end":{"line":152,"column":null}}]},"32":{"loc":{"start":{"line":155,"column":4},"end":{"line":172,"column":null}},"type":"if","locations":[{"start":{"line":155,"column":4},"end":{"line":172,"column":null}},{"start":{"line":155,"column":4},"end":{"line":172,"column":null}}]},"33":{"loc":{"start":{"line":160,"column":8},"end":{"line":160,"column":36}},"type":"if","locations":[{"start":{"line":160,"column":8},"end":{"line":160,"column":36}},{"start":{"line":160,"column":8},"end":{"line":160,"column":36}}]},"34":{"loc":{"start":{"line":162,"column":8},"end":{"line":165,"column":null}},"type":"if","locations":[{"start":{"line":162,"column":8},"end":{"line":165,"column":null}},{"start":{"line":162,"column":8},"end":{"line":165,"column":null}}]},"35":{"loc":{"start":{"line":162,"column":12},"end":{"line":162,"column":35}},"type":"binary-expr","locations":[{"start":{"line":162,"column":12},"end":{"line":162,"column":35}},{"start":{"line":162,"column":39},"end":{"line":162,"column":64}}]},"36":{"loc":{"start":{"line":163,"column":10},"end":{"line":163,"column":74}},"type":"if","locations":[{"start":{"line":163,"column":10},"end":{"line":163,"column":74}},{"start":{"line":163,"column":10},"end":{"line":163,"column":74}}]},"37":{"loc":{"start":{"line":167,"column":8},"end":{"line":170,"column":null}},"type":"if","locations":[{"start":{"line":167,"column":8},"end":{"line":170,"column":null}},{"start":{"line":167,"column":8},"end":{"line":170,"column":null}}]},"38":{"loc":{"start":{"line":167,"column":12},"end":{"line":167,"column":36}},"type":"binary-expr","locations":[{"start":{"line":167,"column":12},"end":{"line":167,"column":36}},{"start":{"line":167,"column":40},"end":{"line":167,"column":63}}]},"39":{"loc":{"start":{"line":169,"column":10},"end":{"line":169,"column":74}},"type":"if","locations":[{"start":{"line":169,"column":10},"end":{"line":169,"column":74}},{"start":{"line":169,"column":10},"end":{"line":169,"column":74}}]},"40":{"loc":{"start":{"line":211,"column":4},"end":{"line":218,"column":null}},"type":"if","locations":[{"start":{"line":211,"column":4},"end":{"line":218,"column":null}},{"start":{"line":211,"column":4},"end":{"line":218,"column":null}}]},"41":{"loc":{"start":{"line":216,"column":8},"end":{"line":216,"column":88}},"type":"if","locations":[{"start":{"line":216,"column":8},"end":{"line":216,"column":88}},{"start":{"line":216,"column":8},"end":{"line":216,"column":88}}]},"42":{"loc":{"start":{"line":181,"column":4},"end":{"line":181,"column":22}},"type":"if","locations":[{"start":{"line":181,"column":4},"end":{"line":181,"column":22}},{"start":{"line":181,"column":4},"end":{"line":181,"column":22}}]},"43":{"loc":{"start":{"line":183,"column":4},"end":{"line":183,"column":53}},"type":"if","locations":[{"start":{"line":183,"column":4},"end":{"line":183,"column":53}},{"start":{"line":183,"column":4},"end":{"line":183,"column":53}}]},"44":{"loc":{"start":{"line":185,"column":4},"end":{"line":202,"column":null}},"type":"if","locations":[{"start":{"line":185,"column":4},"end":{"line":202,"column":null}},{"start":{"line":185,"column":4},"end":{"line":202,"column":null}}]},"45":{"loc":{"start":{"line":190,"column":8},"end":{"line":190,"column":36}},"type":"if","locations":[{"start":{"line":190,"column":8},"end":{"line":190,"column":36}},{"start":{"line":190,"column":8},"end":{"line":190,"column":36}}]},"46":{"loc":{"start":{"line":192,"column":8},"end":{"line":198,"column":null}},"type":"if","locations":[{"start":{"line":192,"column":8},"end":{"line":198,"column":null}},{"start":{"line":192,"column":8},"end":{"line":198,"column":null}}]},"47":{"loc":{"start":{"line":192,"column":12},"end":{"line":192,"column":49}},"type":"binary-expr","locations":[{"start":{"line":192,"column":12},"end":{"line":192,"column":49}},{"start":{"line":192,"column":53},"end":{"line":192,"column":94}}]},"48":{"loc":{"start":{"line":200,"column":8},"end":{"line":200,"column":99}},"type":"if","locations":[{"start":{"line":200,"column":8},"end":{"line":200,"column":99}},{"start":{"line":200,"column":8},"end":{"line":200,"column":99}}]},"49":{"loc":{"start":{"line":200,"column":12},"end":{"line":200,"column":31}},"type":"binary-expr","locations":[{"start":{"line":200,"column":12},"end":{"line":200,"column":31}},{"start":{"line":200,"column":35},"end":{"line":200,"column":58}}]},"50":{"loc":{"start":{"line":228,"column":35},"end":{"line":228,"column":36}},"type":"cond-expr","locations":[{"start":{"line":228,"column":35},"end":{"line":228,"column":36}},{"start":{"line":228,"column":39},"end":{"line":228,"column":40}}]},"51":{"loc":{"start":{"line":230,"column":4},"end":{"line":230,"column":58}},"type":"if","locations":[{"start":{"line":230,"column":4},"end":{"line":230,"column":58}},{"start":{"line":230,"column":4},"end":{"line":230,"column":58}}]},"52":{"loc":{"start":{"line":232,"column":4},"end":{"line":243,"column":null}},"type":"if","locations":[{"start":{"line":232,"column":4},"end":{"line":243,"column":null}},{"start":{"line":232,"column":4},"end":{"line":243,"column":null}}]},"53":{"loc":{"start":{"line":237,"column":8},"end":{"line":237,"column":36}},"type":"if","locations":[{"start":{"line":237,"column":8},"end":{"line":237,"column":36}},{"start":{"line":237,"column":8},"end":{"line":237,"column":36}}]},"54":{"loc":{"start":{"line":239,"column":8},"end":{"line":241,"column":null}},"type":"if","locations":[{"start":{"line":239,"column":8},"end":{"line":241,"column":null}},{"start":{"line":239,"column":8},"end":{"line":241,"column":null}}]},"55":{"loc":{"start":{"line":239,"column":12},"end":{"line":239,"column":36}},"type":"binary-expr","locations":[{"start":{"line":239,"column":12},"end":{"line":239,"column":36}},{"start":{"line":239,"column":40},"end":{"line":239,"column":63}},{"start":{"line":239,"column":68},"end":{"line":239,"column":78}},{"start":{"line":239,"column":82},"end":{"line":239,"column":120}}]},"56":{"loc":{"start":{"line":270,"column":4},"end":{"line":270,"column":83}},"type":"if","locations":[{"start":{"line":270,"column":4},"end":{"line":270,"column":83}},{"start":{"line":270,"column":4},"end":{"line":270,"column":83}}]},"57":{"loc":{"start":{"line":270,"column":8},"end":{"line":270,"column":24}},"type":"binary-expr","locations":[{"start":{"line":270,"column":8},"end":{"line":270,"column":24}},{"start":{"line":270,"column":28},"end":{"line":270,"column":69}}]},"58":{"loc":{"start":{"line":271,"column":4},"end":{"line":271,"column":85}},"type":"if","locations":[{"start":{"line":271,"column":4},"end":{"line":271,"column":85}},{"start":{"line":271,"column":4},"end":{"line":271,"column":85}}]},"59":{"loc":{"start":{"line":271,"column":8},"end":{"line":271,"column":24}},"type":"binary-expr","locations":[{"start":{"line":271,"column":8},"end":{"line":271,"column":24}},{"start":{"line":271,"column":28},"end":{"line":271,"column":70}}]}},"s":{"0":3,"1":3,"2":3,"3":3,"4":3,"5":3,"6":4,"7":6,"8":4,"9":4,"10":4,"11":4,"12":4,"13":4,"14":4,"15":4,"16":4,"17":4,"18":4,"19":4,"20":3,"21":8,"22":8,"23":8,"24":8,"25":8,"26":8,"27":8,"28":20,"29":20,"30":0,"31":20,"32":3,"33":0,"34":0,"35":0,"36":0,"37":0,"38":0,"39":0,"40":0,"41":3,"42":2,"43":2,"44":0,"45":2,"46":2,"47":2,"48":2,"49":2,"50":2,"51":0,"52":2,"53":2,"54":2,"55":5,"56":5,"57":5,"58":0,"59":5,"60":0,"61":0,"62":0,"63":5,"64":5,"65":2,"66":2,"67":3,"68":2,"69":2,"70":0,"71":2,"72":2,"73":2,"74":2,"75":2,"76":2,"77":0,"78":2,"79":2,"80":2,"81":5,"82":5,"83":5,"84":0,"85":5,"86":0,"87":0,"88":0,"89":5,"90":5,"91":5,"92":0,"93":2,"94":3,"95":2,"96":2,"97":2,"98":2,"99":2,"100":5,"101":5,"102":5,"103":2,"104":8,"105":4,"106":4,"107":2,"108":4,"109":4,"110":4,"111":10,"112":10,"113":10,"114":0,"115":10,"116":0,"117":0,"118":0,"119":10,"120":10,"121":0,"122":3,"123":4,"124":4,"125":0,"1
[...]
}},"loc":{"start":{"line":14,"column":73},"end":{"line":71,"column":1}}}},"branchMap":{"0":{"loc":{"start":{"line":24,"column":2},"end":{"line":29,"column":null}},"type":"if","locations":[{"start":{"line":24,"column":2},"end":{"line":29,"column":null}},{"start":{"line":24,"column":2},"end":{"line":29,"column":null}}]},"1":{"loc":{"start":{"line":31,"column":2},"end":{"line":34,"column":null}},"type":"if","locations":[{"start":{"line":31,"column":2},"end":{"line":34,"column":null}},{"start":{"line":31,"column":2},"end":{"line":34,"column":null}}]},"2":{"loc":{"start":{"line":37,"column":2},"end":{"line":64,"column":null}},"type":"if","locations":[{"start":{"line":37,"column":2},"end":{"line":64,"column":null}},{"start":{"line":37,"column":2},"end":{"line":64,"column":null}}]},"3":{"loc":{"start":{"line":41,"column":9},"end":{"line":64,"column":null}},"type":"if","locations":[{"start":{"line":41,"column":9},"end":{"line":64,"column":null}},{"start":{"line":41,"column":9},"end":{"line":64,"column":null}}]},"4":{"loc":{"start":{"line":45,"column":9},"end":{"line":64,"column":null}},"type":"if","locations":[{"start":{"line":45,"column":9},"end":{"line":64,"column":null}},{"start":{"line":45,"column":9},"end":{"line":64,"column":null}}]},"5":{"loc":{"start":{"line":49,"column":9},"end":{"line":64,"column":null}},"type":"if","locations":[{"start":{"line":49,"column":9},"end":{"line":64,"column":null}},{"start":{"line":49,"column":9},"end":{"line":64,"column":null}}]},"6":{"loc":{"start":{"line":53,"column":9},"end":{"line":64,"column":null}},"type":"if","locations":[{"start":{"line":53,"column":9},"end":{"line":64,"column":null}},{"start":{"line":53,"column":9},"end":{"line":64,"column":null}}]},"7":{"loc":{"start":{"line":57,"column":9},"end":{"line":64,"column":null}},"type":"if","locations":[{"start":{"line":57,"column":9},"end":{"line":64,"column":null}},{"start":{"line":57,"column":9},"end":{"line":64,"column":null}}]}},"s":{"0":3,"1":3,"2":3,"3":3,"4":3,"5":3,"6":47,"7":47,"8":47,"9":47,"10":47,"11":47,"12":47,"13":47,"14":1,"15":1,"16":1,"17":1,"18":47,"19":0,"20":0,"21":47,"22":23,"23":24,"24":14,"25":10,"26":5,"27":5,"28":0,"29":5,"30":0,"31":5,"32":5,"33":5,"34":5,"35":0,"36":47,"37":47,"38":47,"39":47,"40":3},"f":{"0":47},"b":{"0":[1,46],"1":[0,47],"2":[23,24],"3":[14,10],"4":[5,5],"5":[0,5],"6":[0,5],"7":[5,0]}}
,"/Users/kdarutkin/Documents/GitHub/mtproto-js/src/tl/vector.ts": {"path":"/Users/kdarutkin/Documents/GitHub/mtproto-js/src/tl/vector.ts","statementMap":{"0":{"start":{"line":4,"column":0},"end":{"line":4,"column":36}},"1":{"start":{"line":5,"column":0},"end":{"line":5,"column":32}},"2":{"start":{"line":8,"column":0},"end":{"line":8,"column":null}},"3":{"start":{"line":8,"column":38},"end":{"line":8,"column":48}},"4":{"start":{"line":32,"column":61},"end":{"line":32,"column":79}},"5":{"start":{"line":32,"column":79},"end":{"line":32,"column":null}},"6":{"start":{"line":33,"column":4},"end":{"line":33,"column":null}},"7":{"start":{"line":13,"column":2},"end":{"line":13,"column":23}},"8":{"start":{"line":16,"column":2},"end":{"line":16,"column":26}},"9":{"start":{"line":35,"column":4},"end":{"line":35,"column":25}},"10":{"start":{"line":37,"column":4},"end":{"line":37,"column":41}},"11":{"start":{"line":38,"column":4},"end":{"line":38,"column":20}},"12":{"start":{"line":40,"column":4},"end":{"line":42,"column":null}},"13":{"start":{"line":41,"column":6},"end":{"line":41,"column":49}},"14":{"start":{"line":44,"column":4},"end":{"line":44,"column":25}},"15":{"start":{"line":46,"column":4},"end":{"line":46,"column":32}},"16":{"start":{"line":46,"column":14},"end":{"line":46,"column":32}},"17":{"start":{"line":52,"column":2},"end":{"line":64,"column":null}},"18":{"start":{"line":53,"column":4},"end":{"line":61,"column":null}},"19":{"start":{"line":54,"column":26},"end":{"line":54,"column":68}},"20":{"start":{"line":56,"column":6},"end":{"line":58,"column":null}},"21":{"start":{"line":57,"column":8},"end":{"line":57,"column":43}},"22":{"start":{"line":57,"column":18},"end":{"line":57,"column":43}},"23":{"start":{"line":60,"column":6},"end":{"line":60,"column":25}},"24":{"start":{"line":63,"column":4},"end":{"line":63,"column":80}},"25":{"start":{"line":69,"column":2},"end":{"line":71,"column":null}},"26":{"start":{"line":70,"column":4},"end":{"line":70,"column":33}},"27":{"start":{"line":76,"column":2},"end":{"line":114,"column":null}},"28":{"start":{"line":76,"column":19},"end":{"line":76,"column":null}},"29":{"start":{"line":77,"column":4},"end":{"line":77,"column":62}},"30":{"start":{"line":77,"column":18},"end":{"line":77,"column":62}},"31":{"start":{"line":79,"column":4},"end":{"line":79,"column":20}},"32":{"start":{"line":82,"column":4},"end":{"line":82,"column":109}},"33":{"start":{"line":82,"column":90},"end":{"line":82,"column":109}},"34":{"start":{"line":84,"column":21},"end":{"line":84,"column":51}},"35":{"start":{"line":85,"column":4},"end":{"line":85,"column":41}},"36":{"start":{"line":87,"column":19},"end":{"line":87,"column":60}},"37":{"start":{"line":88,"column":4},"end":{"line":88,"column":20}},"38":{"start":{"line":91,"column":4},"end":{"line":98,"column":null}},"39":{"start":{"line":92,"column":22},"end":{"line":92,"column":63}},"40":{"start":{"line":93,"column":26},"end":{"line":93,"column":51}},"41":{"start":{"line":94,"column":6},"end":{"line":97,"column":null}},"42":{"start":{"line":95,"column":8},"end":{"line":95,"column":81}},"43":{"start":{"line":96,"column":8},"end":{"line":96,"column":51}},"44":{"start":{"line":101,"column":4},"end":{"line":109,"column":null}},"45":{"start":{"line":101,"column":17},"end":{"line":101,"column":18}},"46":{"start":{"line":102,"column":19},"end":{"line":102,"column":36}},"47":{"start":{"line":104,"column":6},"end":{"line":108,"column":null}},"48":{"start":{"line":105,"column":8},"end":{"line":105,"column":48}},"49":{"start":{"line":106,"column":8},"end":{"line":106,"column":40}},"50":{"start":{"line":107,"column":8},"end":{"line":107,"column":30}},"51":{"start":{"line":111,"column":4},"end":{"line":111,"column":58}},"52":{"start":{"line":113,"column":4},"end":{"line":113,"column":22}},"53":{"start":{"line":119,"column":2},"end":{"line":141,"column":null}},"54":{"start":{"line":119,"column":20},"end":{"line":119,"column":null}},"55":{"start":{"line":120,"column":4},"end":{"line":120,"column":62}},"56":{"start":{"line":120,"column":18},"end":{"line":120,"column":62}},"57":{"start":{"line":122,"column":4},"end":{"line":122,"column":57}},"58":{"start":{"line":124,"column":21},"end":{"line":124,"column":22}},"59":{"start":{"line":127,"column":4},"end":{"line":130,"column":null}},"60":{"start":{"line":128,"column":6},"end":{"line":128,"column":60}},"61":{"start":{"line":129,"column":6},"end":{"line":129,"column":22}},"62":{"start":{"line":133,"column":4},"end":{"line":133,"column":71}},"63":{"start":{"line":134,"column":4},"end":{"line":134,"column":41}},"64":{"start":{"line":136,"column":4},"end":{"line":138,"column":null}},"65":{"start":{"line":136,"column":17},"end":{"line":136,"column":18}},"66":{"start":{"line":137,"column":6},"end":{"line":137,"column":56}},"67":{"start":{"line":140,"column":4},"end":{"line":140,"column":22}},"68":{"start":{"line":147,"column":2},"end":{"line":156,"column":null}},"69":{"start":{"line":162,"column":4},"end":{"line":162,"column":48}},"70":{"start":{"line":162,"column":36},"end":{"line":162,"column":47}},"71":{"start":{"line":148,"column":4},"end":{"line":155,"column":null}},"72":{"start":{"line":149,"column":6},"end":{"line":149,"column":22}},"73":{"start":{"line":151,"column":6},"end":{"line":154,"column":null}},"74":{"start":{"line":151,"column":19},"end":{"line":151,"column":20}},"75":{"start":{"line":152,"column":21},"end":{"line":152,"column":45}},"76":{"start":{"line":153,"column":8},"end":{"line":153,"column":40}},"77":{"start":{"line":153,"column":18},"end":{"line":153,"column":40}},"78":{"start":{"line":168,"column":2},"end":{"line":176,"column":null}},"79":{"start":{"line":169,"column":4},"end":{"line":169,"column":41}},"80":{"start":{"line":171,"column":4},"end":{"line":173,"column":null}},"81":{"start":{"line":171,"column":17},"end":{"line":171,"column":18}},"82":{"start":{"line":172,"column":6},"end":{"line":172,"column":46}},"83":{"start":{"line":175,"column":4},"end":{"line":175,"column":26}},"84":{"start":{"line":182,"column":4},"end":{"line":182,"column":26}},"85":{"start":{"line":10,"column":9},"end":{"line":10,"column":40}},"86":{"start":{"line":184,"column":0},"end":{"line":184,"column":null}},"87":{"start":{"line":8,"column":21},"end":{"line":8,"column":38}}},"fnMap":{"0":{"name":"(anonymous_0)","decl":{"start":{"line":8,"column":0},"end":{"line":8,"column":21}},"loc":{"start":{"line":8,"column":0},"end":{"line":8,"column":21}}},"1":{"name":"TLVector","decl":{"start":{"line":32,"column":2},"end":{"line":32,"column":14}},"loc":{"start":{"line":32,"column":102},"end":{"line":47,"column":3}}},"2":{"name":"(anonymous_2)","decl":{"start":{"line":52,"column":2},"end":{"line":52,"column":12}},"loc":{"start":{"line":52,"column":23},"end":{"line":64,"column":3}}},"3":{"name":"(anonymous_3)","decl":{"start":{"line":69,"column":2},"end":{"line":69,"column":10}},"loc":{"start":{"line":69,"column":2},"end":{"line":71,"column":3}}},"4":{"name":"(anonymous_4)","decl":{"start":{"line":76,"column":2},"end":{"line":76,"column":6}},"loc":{"start":{"line":76,"column":37},"end":{"line":114,"column":3}}},"5":{"name":"(anonymous_5)","decl":{"start":{"line":119,"column":2},"end":{"line":119,"column":7}},"loc":{"start":{"line":119,"column":38},"end":{"line":141,"column":3}}},"6":{"name":"(anonymous_6)","decl":{"start":{"line":161,"column":2},"end":{"line":161,"column":null}},"loc":{"start":{"line":161,"column":2},"end":{"line":163,"column":3}}},"7":{"name":"(anonymous_7)","decl":{"start":{"line":162,"column":26},"end":{"line":162,"column":27}},"loc":{"start":{"line":162,"column":31},"end":{"line":162,"column":40}}},"8":{"name":"(anonymous_8)","decl":{"start":{"line":147,"column":2},"end":{"line":147,"column":6}},"loc":{"start":{"line":147,"column":23},"end":{"line":156,"column":3}}},"9":{"name":"(anonymous_9)","decl":{"start":{"line":168,"column":2},"end":{"line":168,"column":6}},"loc":{"start":{"line":168,"column":2},"end":{"line":176,"column":3}}},"10":{"name":"(anonymous_10)","decl":{"start":{"line":181,"column":2},"end":{"line":181,"column":15}},"loc":{"start":{"line":181,"column":27},"end":{"line":183,"column":3}}}},"branchMap":{"0":{"loc":{"start":{"line":32,"column":61},"end":{"line":32,"column":79}},"type":"if","locations":[{"start":{"line":32,"column":61},"end":{"line":32,"column":79}},{"start":{"line":32,"column":61},"end":{"line":32,"column":79}}]},"1":{"loc":{"start":{"line":32,"column":79},"end":{"line":32,"column":null}},"type":"if","locations":[{"start":{"line":32,"column":79},"end":{"line":32,"column":null}},{"start":{"line":32,"column":79},"end":{"line":32,"column":null}}]},"2":{"loc":{"start":{"line":33,"column":4},"end":{"line":33,"column":11}},"type":"binary-expr","locations":[{"start":{"line":33,"column":4},"end":{"line":33,"column":11}},{"start":{"line":33,"column":11},"end":{"line":33,"column":null}}]},"3":{"loc":{"start":{"line":40,"column":4},"end":{"line":42,"column":null}},"type":"if","locations":[{"start":{"line":40,"column":4},"end":{"line":42,"column":null}},{"start":{"line":40,"column":4},"end":{"line":42,"column":null}}]},"4":{"loc":{"start":{"line":46,"column":4},"end":{"line":46,"column":32}},"type":"if","locations":[{"start":{"line":46,"column":4},"end":{"line":46,"column":32}},{"start":{"line":46,"column":4},"end":{"line":46,"column":32}}]},"5":{"loc":{"start":{"line":53,"column":4},"end":{"line":61,"column":null}},"type":"if","locations":[{"start":{"line":53,"column":4},"end":{"line":61,"column":null}},{"start":{"line":53,"column":4},"end":{"line":61,"column":null}}]},"6":{"loc":{"start":{"line":56,"column":6},"end":{"line":58,"column":null}},"type":"if","locations":[{"start":{"line":56,"column":6},"end":{"line":58,"column":null}},{"start":{"line":56,"column":6},"end":{"line":58,"column":null}}]},"7":{"loc":{"start":{"line":57,"column":8},"end":{"line":57,"column":43}},"type":"if","locations":[{"start":{"line":57,"column":8},"end":{"line":57,"column":43}},{"start":{"line":57,"column":8},"end":{"line":57,"column":43}}]},"8":{"loc":{"start":{"line":76,"column":19},"end":{"line":76,"column":null}},"type":"if","locations":[{"start":{"line":76,"column":19},"end":{"line":76,"column":null}},{"start":{"line":76,"column":19},"end":{"line":76,"column":null}}]},"9":{"loc":{"start":{"line":77,"column":4},"end":{"line":77,"column":62}},"type":"if","locations":[{"start":{"line":77,"column":4},"end":{"line":77,"column":62}},{"start":{"line":77,"column":4},"end":{"line":77,"column":62}}]},"10":{"loc":{"start":{"line":82,"column":4},"end":{"line":82,"column":109}},"type":"if","locations":[{"start":{"line":82,"column":4},"end":{"line":82,"column":109}},{"start":{"line":82,"column":4},"end":{"line":82,"column":109}}]},"11":{"loc":{"start":{"line":82,"column":8},"end":{"line":82,"column":20}},"type":"binary-expr","locations":[{"start":{"line":82,"column":8},"end":{"line":82,"column":20}},{"start":{"line":82,"column":24},"end":{"line":82,"column":88}}]},"12":{"loc":{"start":{"line":84,"column":45},"end":{"line":84,"column":46}},"type":"cond-expr","locations":[{"start":{"line":84,"column":45},"end":{"line":84,"column":46}},{"start":{"line":84,"column":49},"end":{"line":84,"column":50}}]},"13":{"loc":{"start":{"line":85,"column":35},"end":{"line":85,"column":36}},"type":"cond-expr","locations":[{"start":{"line":85,"column":35},"end":{"line":85,"column":36}},{"start":{"line":85,"column":39},"end":{"line":85,"column":40}}]},"14":{"loc":{"start":{"line":91,"column":4},"end":{"line":98,"column":null}},"type":"if","locations":[{"start":{"line":91,"column":4},"end":{"line":98,"column":null}},{"start":{"line":91,"column":4},"end":{"line":98,"column":null}}]},"15":{"loc":{"start":{"line":91,"column":8},"end":{"line":91,"column":29}},"type":"binary-expr","locations":[{"start":{"line":91,"column":8},"end":{"line":91,"column":29}},{"start":{"line":91,"column":33},"end":{"line":91,"column":43}}]},"16":{"loc":{"start":{"line":94,"column":6},"end":{"line":97,"column":null}},"type":"if","locations":[{"start":{"line":94,"column":6},"end":{"line":97,"column":null}},{"start":{"line":94,"column":6},"end":{"line":97,"column":null}}]},"17":{"loc":{"start":{"line":94,"column":10},"end":{"line":94,"column":21}},"type":"binary-expr","locations":[{"start":{"line":94,"column":10},"end":{"line":94,"column":21}},{"start":{"line":94,"column":25},"end":{"line":94,"column":39}}]},"18":{"loc":{"start":{"line":95,"column":31},"end":{"line":95,"column":52}},"type":"binary-expr","locations":[{"start":{"line":95,"column":31},"end":{"line":95,"column":52}},{"start":{"line":95,"column":56},"end":{"line":95,"column":74}},{"start":{"line":95,"column":78},"end":{"line":95,"column":80}}]},"19":{"loc":{"start":{"line":104,"column":6},"end":{"line":108,"column":null}},"type":"if","locations":[{"start":{"line":104,"column":6},"end":{"line":108,"column":null}},{"start":{"line":104,"column":6},"end":{"line":108,"column":null}}]},"20":{"loc":{"start":{"line":119,"column":20},"end":{"line":119,"column":null}},"type":"if","locations":[{"start":{"line":119,"column":20},"end":{"line":119,"column":null}},{"start":{"line":119,"column":20},"end":{"line":119,"column":null}}]},"21":{"loc":{"start":{"line":120,"column":4},"end":{"line":120,"column":62}},"type":"if","locations":[{"start":{"line":120,"column":4},"end":{"line":120,"column":62}},{"start":{"line":120,"column":4},"end":{"line":120,"column":62}}]},"22":{"loc":{"start":{"line":127,"column":4},"end":{"line":130,"column":null}},"type":"if","locations":[{"start":{"line":127,"column":4},"end":{"line":130,"column":null}},{"start":{"line":127,"column":4},"end":{"line":130,"column":null}}]},"23":{"loc":{"start":{"line":148,"column":4},"end":{"line":155,"column":null}},"type":"if","locations":[{"start":{"line":148,"column":4},"end":{"line":155,"column":null}},{"start":{"line":148,"column":4},"end":{"line":155,"column":null}}]},"24":{"loc":{"start":{"line":148,"column":8},"end":{"line":148,"column":28}},"type":"binary-expr","locations":[{"start":{"line":148,"column":8},"end":{"line":148,"column":28}},{"start":{"line":148,"column":32},"end":{"line":148,"column":36}}]},"25":{"loc":{"start":{"line":153,"column":8},"end":{"line":153,"column":40}},"type":"if","locations":[{"start":{"line":153,"column":8},"end":{"line":153,"column":40}},{"start":{"line":153,"column":8},"end":{"line":153,"column":40}}]},"26":{"loc":{"start":{"line":169,"column":35},"end":{"line":169,"column":36}},"type":"cond-expr","locations":[{"start":{"line":169,"column":35},"end":{"line":169,"column":36}},{"start":{"line":169,"column":39},"end":{"line":169,"column":40}}]}},"s":{"0":3,"1":3,"2":3,"3":3,"4":31,"5":31,"6":19,"7":19,"8":19,"9":19,"10":19,"11":19,"12":19,"13":19,"14":19,"15":19,"16":19,"17":3,"18":24,"19":24,"20":24,"21":24,"22":11,"23":24,"24":0,"25":3,"26":0,"27":3,"28":8,"29":8,"30":0,"31":8,"32":8,"33":2,"34":8,"35":8,"36":8,"37":8,"38":8,"39":0,"40":0,"41":0,"42":0,"43":0,"44":8,"45":8,"46":12,"47":12,"48":12,"49":12,"50":12,"51":8,"52":8,"53":3,"54":8,"55":8,"56":0,"57":8,"58":8,"59":8,"60":6,"61":6,"62":8,"63":8,"64":8,"65":8,"66":12,"67":8,"68":3,"69":8,"70":12,"71":40,"72":20,"73":20,"74":20,"75":12,"76":12,"77":12,"78":3,"79":10,"80":10,"81":10,"82":14,"83":10,"84":0,"85":3,"86":3,"87":3},"f":{"0":3,"1":19,"2":24,"3":0,"4":8,"5":8,"6":8,"7":12,"8":40,"9":10,"10":0},"b":{"0":[12,7],"1":[12,7],"2":[19,19],"3":[19,0],"4":[19,0],"5":[24,0],"6":[24,0],"7":[11,13],"8":[0,8],"9":[0,8],"10":[2,6],"11":[8,8],"12":[2,6],"13":[2,6],"14":[0,8],"15":[8,0],"16":[0,0],"17":[0,0],"18":[0,0,0],"19":[12,0],"20":[0,8],"21":[0,8],"22":[6,2],"23":[20,20],"24":[40,21],"25":[12,0],"26":[2,8]}}
,"/Users/kdarutkin/Documents/GitHub/mtproto-js/src/utils/crc32.ts": {"path":"/Users/kdarutkin/Documents/GitHub/mtproto-js/src/utils/crc32.ts","statementMap":{"0":{"start":{"line":3,"column":21},"end":{"line":17,"column":4}},"1":{"start":{"line":4,"column":16},"end":{"line":4,"column":18}},"2":{"start":{"line":7,"column":2},"end":{"line":15,"column":null}},"3":{"start":{"line":7,"column":15},"end":{"line":7,"column":16}},"4":{"start":{"line":8,"column":4},"end":{"line":8,"column":10}},"5":{"start":{"line":10,"column":4},"end":{"line":12,"column":null}},"6":{"start":{"line":10,"column":17},"end":{"line":10,"column":18}},"7":{"start":{"line":11,"column":6},"end":{"line":11,"column":59}},"8":{"start":{"line":14,"column":4},"end":{"line":14,"column":17}},"9":{"start":{"line":16,"column":2},"end":{"line":16,"column":15}},"10":{"start":{"line":20,"column":15},"end":{"line":20,"column":23}},"11":{"start":{"line":22,"column":2},"end":{"line":24,"column":null}},"12":{"start":{"line":22,"column":15},"end":{"line":22,"column":16}},"13":{"start":{"line":23,"column":4},"end":{"line":23,"column":82}},"14":{"start":{"line":26,"column":2},"end":{"line":26,"column":31}},"15":{"start":{"line":19,"column":0},"end":{"line":19,"column":24}}},"fnMap":{"0":{"name":"(anonymous_0)","decl":{"start":{"line":3,"column":22},"end":{"line":3,"column":null}},"loc":{"start":{"line":3,"column":22},"end":{"line":17,"column":1}}},"1":{"name":"crc32","decl":{"start":{"line":19,"column":24},"end":{"line":19,"column":29}},"loc":{"start":{"line":19,"column":43},"end":{"line":27,"column":1}}}},"branchMap":{"0":{"loc":{"start":{"line":11,"column":22},"end":{"line":11,"column":44}},"type":"cond-expr","locations":[{"start":{"line":11,"column":22},"end":{"line":11,"column":44}},{"start":{"line":11,"column":49},"end":{"line":11,"column":56}}]}},"s":{"0":6,"1":6,"2":6,"3":6,"4":1536,"5":1536,"6":1536,"7":12288,"8":1536,"9":6,"10":4,"11":4,"12":4,"13":132,"14":4,"15":6},"f":{"0":6,"1":4},"b":{"0":[6144,6144]}}
}
