{"/Users/kdarutkin/Documents/GitHub/mtproto-js/src/serialization/hex.ts": {"path":"/Users/kdarutkin/Documents/GitHub/mtproto-js/src/serialization/hex.ts","statementMap":{"0":{"start":{"line":1,"column":0},"end":{"line":1,"column":28}},"1":{"start":{"line":7,"column":21},"end":{"line":7,"column":59}},"2":{"start":{"line":8,"column":16},"end":{"line":8,"column":48}},"3":{"start":{"line":10,"column":2},"end":{"line":12,"column":null}},"4":{"start":{"line":10,"column":15},"end":{"line":10,"column":16}},"5":{"start":{"line":11,"column":4},"end":{"line":11,"column":61}},"6":{"start":{"line":14,"column":2},"end":{"line":14,"column":15}},"7":{"start":{"line":6,"column":0},"end":{"line":6,"column":24}}},"fnMap":{"0":{"name":"hex","decl":{"start":{"line":6,"column":24},"end":{"line":6,"column":27}},"loc":{"start":{"line":6,"column":39},"end":{"line":15,"column":1}}}},"branchMap":{"0":{"loc":{"start":{"line":7,"column":44},"end":{"line":7,"column":53}},"type":"cond-expr","locations":[{"start":{"line":7,"column":44},"end":{"line":7,"column":53}},{"start":{"line":7,"column":56},"end":{"line":7,"column":59}}]}},"s":{"0":7,"1":20,"2":20,"3":20,"4":20,"5":613,"6":20,"7":7},"f":{"0":20},"b":{"0":[1,19]}}
}
