TN:
SF:/Users/kdarutkin/Documents/GitHub/mtproto-js/src/schema/index.ts
FNF:0
FNH:0
DA:4,3
DA:5,3
LF:2
LH:2
BRF:0
BRH:0
end_of_record
TN:
SF:/Users/kdarutkin/Documents/GitHub/mtproto-js/src/schema/parse.ts
FN:6,parse
FNF:1
FNH:1
FNDA:7,parse
DA:2,5
DA:6,5
DA:9,7
DA:10,7
DA:11,7
DA:12,7
DA:13,7
DA:15,7
DA:17,7
DA:25,7
DA:27,7
DA:29,7
DA:30,7
DA:31,7
DA:33,7
DA:36,7
DA:37,0
DA:40,7
DA:41,0
DA:44,7
DA:45,0
DA:48,7
DA:49,0
DA:52,7
DA:53,0
DA:55,7
DA:58,7
DA:59,7
DA:60,7
DA:62,7
DA:64,7
DA:69,7
DA:72,0
DA:73,0
DA:77,0
DA:78,0
DA:80,0
DA:82,0
DA:87,7
LF:39
LH:28
BRDA:9,0,0,7
BRDA:9,0,1,0
BRDA:10,1,0,7
BRDA:10,1,1,0
BRDA:11,2,0,0
BRDA:11,2,1,7
BRDA:12,3,0,3
BRDA:12,3,1,4
BRDA:15,4,0,0
BRDA:15,4,1,7
BRDA:18,5,0,4
BRDA:18,5,1,3
BRDA:19,6,0,4
BRDA:19,6,1,3
BRDA:20,7,0,7
BRDA:20,7,1,0
BRDA:29,8,0,14
BRDA:29,8,1,7
BRDA:31,9,0,0
BRDA:31,9,1,7
BRDA:36,10,0,0
BRDA:36,10,1,7
BRDA:40,11,0,0
BRDA:40,11,1,7
BRDA:44,12,0,0
BRDA:44,12,1,7
BRDA:48,13,0,0
BRDA:48,13,1,7
BRDA:52,14,0,0
BRDA:52,14,1,7
BRDA:58,15,0,7
BRDA:58,15,1,0
BRDA:72,16,0,0
BRDA:72,16,1,0
BRDA:77,17,0,0
BRDA:77,17,1,0
BRDA:80,18,0,0
BRDA:80,18,1,0
BRF:38
BRH:20
end_of_record
TN:
SF:/Users/kdarutkin/Documents/GitHub/mtproto-js/src/schema/provider.ts
FN:8,(anonymous_0)
FN:17,SchemaProvider
FN:35,(anonymous_2)
FN:70,(anonymous_3)
FNF:4
FNH:4
FNDA:4,(anonymous_0)
FNDA:6,SchemaProvider
FNDA:12,(anonymous_2)
FNDA:3,(anonymous_3)
DA:2,4
DA:3,4
DA:8,4
DA:10,6
DA:17,12
DA:18,6
DA:20,6
DA:21,0
DA:22,0
DA:24,0
DA:25,0
DA:35,4
DA:36,12
DA:37,300
DA:39,300
DA:40,3
DA:43,297
DA:46,6
DA:50,3
DA:52,3
DA:53,3
DA:55,3
DA:56,3
DA:57,3
DA:60,0
DA:63,0
DA:70,4
DA:71,3
DA:72,3
DA:74,4
LF:30
LH:24
BRDA:24,0,0,0
BRDA:24,0,1,0
BRDA:25,1,0,0
BRDA:25,1,1,0
BRDA:39,2,0,3
BRDA:39,2,1,297
BRDA:39,3,0,300
BRDA:39,3,1,52
BRDA:43,4,0,6
BRDA:43,4,1,291
BRDA:43,5,0,297
BRDA:43,5,1,248
BRDA:43,5,2,248
BRDA:43,5,3,219
BRDA:43,5,4,244
BRDA:43,5,5,29
BRDA:50,6,0,0
BRDA:50,6,1,3
BRDA:52,7,0,3
BRDA:52,7,1,0
BRDA:55,8,0,3
BRDA:55,8,1,0
BRDA:55,9,0,3
BRDA:55,9,1,3
BRDA:72,10,0,3
BRDA:72,10,1,0
BRDA:72,11,0,3
BRDA:72,11,1,3
BRF:28
BRH:20
end_of_record
TN:
SF:/Users/kdarutkin/Documents/GitHub/mtproto-js/src/serialization/bytes.ts
FN:6,(anonymous_0)
FN:15,Bytes
FN:51,(anonymous_2)
FN:58,(anonymous_3)
FN:60,(anonymous_4)
FN:66,(anonymous_5)
FN:76,(anonymous_6)
FN:83,(anonymous_7)
FN:92,(anonymous_8)
FN:106,(anonymous_9)
FN:123,(anonymous_10)
FN:134,(anonymous_11)
FN:141,(anonymous_12)
FNF:13
FNH:13
FNDA:10,(anonymous_0)
FNDA:201,Bytes
FNDA:536,(anonymous_2)
FNDA:19,(anonymous_3)
FNDA:78,(anonymous_4)
FNDA:11,(anonymous_5)
FNDA:7,(anonymous_6)
FNDA:6,(anonymous_7)
FNDA:22,(anonymous_8)
FNDA:24,(anonymous_9)
FNDA:19,(anonymous_10)
FNDA:17,(anonymous_11)
FNDA:137,(anonymous_12)
DA:1,10
DA:6,10
DA:16,201
DA:17,149
DA:18,149
DA:20,149
DA:21,149
DA:22,149
DA:24,149
DA:25,149
DA:28,52
DA:29,1
DA:30,1
DA:32,1
DA:33,1
DA:34,1
DA:36,1
DA:37,1
DA:40,51
DA:41,51
DA:42,51
DA:45,0
DA:51,10
DA:52,536
DA:58,10
DA:59,19
DA:60,78
DA:67,11
DA:68,11
DA:69,43
DA:76,10
DA:77,7
DA:84,6
DA:85,328
DA:92,10
DA:93,22
DA:94,196
DA:96,22
DA:97,15
DA:100,7
DA:107,24
DA:108,24
DA:110,24
DA:111,92
DA:114,24
DA:115,28
DA:123,10
DA:124,19
DA:126,19
DA:127,19
DA:135,17
DA:137,17
DA:138,17
DA:141,10
DA:142,137
DA:144,10
LF:56
LH:55
BRDA:16,0,0,149
BRDA:16,0,1,52
BRDA:20,1,0,136
BRDA:20,1,1,13
BRDA:21,2,0,93
BRDA:21,2,1,56
BRDA:22,3,0,93
BRDA:22,3,1,56
BRDA:28,4,0,1
BRDA:28,4,1,51
BRDA:32,5,0,0
BRDA:32,5,1,1
BRDA:33,6,0,0
BRDA:33,6,1,1
BRDA:34,7,0,0
BRDA:34,7,1,1
BRDA:40,8,0,51
BRDA:40,8,1,0
BRDA:67,9,0,1
BRDA:67,9,1,10
BRDA:69,10,0,41
BRDA:69,10,1,2
BRDA:85,11,0,328
BRDA:85,11,1,0
BRDA:96,12,0,15
BRDA:96,12,1,7
BRDA:108,13,0,17
BRDA:108,13,1,7
BRDA:124,14,0,0
BRDA:124,14,1,19
BRDA:135,15,0,0
BRDA:135,15,1,17
BRF:32
BRH:25
end_of_record
TN:
SF:/Users/kdarutkin/Documents/GitHub/mtproto-js/src/serialization/hex.ts
FN:3,hex
FNF:1
FNH:1
FNDA:31,hex
DA:1,7
DA:3,7
DA:4,31
DA:5,31
DA:7,31
DA:8,1065
DA:11,31
LF:7
LH:7
BRDA:4,0,0,1
BRDA:4,0,1,30
BRF:2
BRH:2
end_of_record
TN:
SF:/Users/kdarutkin/Documents/GitHub/mtproto-js/src/serialization/index.ts
FNF:0
FNH:0
DA:1,5
DA:2,5
LF:2
LH:2
BRF:0
BRH:0
end_of_record
TN:
SF:/Users/kdarutkin/Documents/GitHub/mtproto-js/src/tl/abstract.ts
FN:4,(anonymous_0)
FN:29,(anonymous_2)
FN:36,(anonymous_3)
FN:43,(anonymous_4)
FN:57,(anonymous_5)
FN:71,(anonymous_6)
FN:78,(anonymous_7)
FNF:7
FNH:5
FNDA:142,(anonymous_0)
FNDA:74,(anonymous_2)
FNDA:36,(anonymous_3)
FNDA:1,(anonymous_4)
FNDA:1,(anonymous_5)
FNDA:0,(anonymous_6)
FNDA:0,(anonymous_7)
DA:4,8
DA:6,134
DA:9,134
DA:12,134
DA:15,134
DA:21,134
DA:24,134
DA:29,8
DA:30,74
DA:37,36
DA:43,8
DA:44,1
DA:46,1
DA:47,1
DA:48,1
DA:51,1
DA:57,8
DA:58,1
DA:60,1
DA:61,1
DA:62,1
DA:65,1
DA:71,8
DA:72,0
DA:78,8
DA:79,0
DA:81,8
LF:27
LH:25
BRDA:43,0,0,0
BRDA:43,0,1,1
BRDA:44,1,0,0
BRDA:44,1,1,1
BRDA:46,2,0,1
BRDA:46,2,1,0
BRDA:57,3,0,0
BRDA:57,3,1,1
BRDA:58,4,0,0
BRDA:58,4,1,1
BRDA:60,5,0,1
BRDA:60,5,1,0
BRF:12
BRH:6
end_of_record
TN:
SF:/Users/kdarutkin/Documents/GitHub/mtproto-js/src/tl/boolean.ts
FN:10,(anonymous_0)
FN:26,TLBoolean
FN:38,(anonymous_2)
FN:45,(anonymous_3)
FN:52,(anonymous_4)
FN:66,(anonymous_5)
FNF:6
FNH:5
FNDA:4,(anonymous_0)
FNDA:10,TLBoolean
FNDA:29,(anonymous_2)
FNDA:0,(anonymous_3)
FNDA:4,(anonymous_4)
FNDA:5,(anonymous_5)
DA:3,4
DA:6,4
DA:7,4
DA:10,4
DA:15,4
DA:18,10
DA:21,10
DA:26,18
DA:27,10
DA:29,10
DA:30,10
DA:32,10
DA:38,4
DA:39,29
DA:46,0
DA:52,4
DA:53,4
DA:55,4
DA:56,3
DA:57,3
DA:60,4
DA:66,5
DA:67,5
DA:69,5
DA:70,4
DA:71,4
DA:74,5
DA:76,4
LF:28
LH:27
BRDA:26,0,0,7
BRDA:26,0,1,3
BRDA:26,1,0,8
BRDA:26,1,1,2
BRDA:27,2,0,10
BRDA:27,2,1,10
BRDA:32,3,0,2
BRDA:32,3,1,8
BRDA:39,4,0,4
BRDA:39,4,1,25
BRDA:39,5,0,29
BRDA:39,5,1,4
BRDA:52,6,0,0
BRDA:52,6,1,4
BRDA:53,7,0,0
BRDA:53,7,1,4
BRDA:55,8,0,3
BRDA:55,8,1,1
BRDA:66,9,0,0
BRDA:66,9,1,5
BRDA:67,10,0,0
BRDA:67,10,1,5
BRDA:69,11,0,4
BRDA:69,11,1,1
BRDA:71,12,0,2
BRDA:71,12,1,2
BRF:26
BRH:22
end_of_record
TN:
SF:/Users/kdarutkin/Documents/GitHub/mtproto-js/src/tl/bytes.ts
FN:8,(anonymous_0)
FN:26,TLBytes
FN:38,(anonymous_2)
FN:63,(anonymous_3)
FN:70,(anonymous_4)
FN:106,(anonymous_5)
FNF:6
FNH:5
FNDA:4,(anonymous_0)
FNDA:20,TLBytes
FNDA:30,(anonymous_2)
FNDA:0,(anonymous_3)
FNDA:9,(anonymous_4)
FNDA:9,(anonymous_5)
DA:2,4
DA:8,4
DA:13,4
DA:18,20
DA:21,20
DA:27,20
DA:29,20
DA:30,20
DA:31,3
DA:38,4
DA:39,30
DA:40,30
DA:42,30
DA:43,12
DA:45,18
DA:48,30
DA:49,28
DA:51,2
DA:54,30
DA:55,30
DA:57,30
DA:64,0
DA:70,9
DA:71,9
DA:73,9
DA:74,9
DA:75,9
DA:77,9
DA:78,8
DA:79,8
DA:81,1
DA:82,1
DA:85,9
DA:86,9
DA:88,9
DA:90,9
DA:91,4
DA:92,4
DA:94,0
DA:97,5
DA:100,9
DA:106,9
DA:107,9
DA:109,9
DA:110,9
DA:112,9
DA:113,4
DA:115,5
DA:118,9
DA:119,8
DA:121,1
DA:124,9
DA:126,9
DA:127,8
DA:129,1
DA:130,1
DA:133,9
DA:134,4
DA:136,5
DA:139,9
DA:141,4
LF:61
LH:59
BRDA:27,0,0,20
BRDA:27,0,1,20
BRDA:30,1,0,3
BRDA:30,1,1,17
BRDA:42,2,0,12
BRDA:42,2,1,18
BRDA:48,3,0,28
BRDA:48,3,1,2
BRDA:55,4,0,16
BRDA:55,4,1,14
BRDA:70,5,0,0
BRDA:70,5,1,9
BRDA:71,6,0,0
BRDA:71,6,1,9
BRDA:77,7,0,8
BRDA:77,7,1,1
BRDA:86,8,0,5
BRDA:86,8,1,4
BRDA:90,9,0,4
BRDA:90,9,1,5
BRDA:106,10,0,0
BRDA:106,10,1,9
BRDA:107,11,0,0
BRDA:107,11,1,9
BRDA:112,12,0,4
BRDA:112,12,1,5
BRDA:118,13,0,8
BRDA:118,13,1,1
BRDA:126,14,0,8
BRDA:126,14,1,1
BRDA:133,15,0,4
BRDA:133,15,1,5
BRF:32
BRH:28
end_of_record
TN:
SF:/Users/kdarutkin/Documents/GitHub/mtproto-js/src/tl/constructor.ts
FN:9,(anonymous_0)
FN:31,TLConstructor
FN:49,(anonymous_2)
FN:71,(anonymous_3)
FN:87,(anonymous_4)
FN:136,(anonymous_5)
FN:208,(anonymous_6)
FN:180,(anonymous_7)
FN:227,(anonymous_8)
FN:251,(anonymous_9)
FN:258,(anonymous_10)
FN:269,(anonymous_11)
FNF:12
FNH:8
FNDA:3,(anonymous_0)
FNDA:4,TLConstructor
FNDA:8,(anonymous_2)
FNDA:0,(anonymous_3)
FNDA:2,(anonymous_4)
FNDA:2,(anonymous_5)
FNDA:2,(anonymous_6)
FNDA:8,(anonymous_7)
FNDA:4,(anonymous_8)
FNDA:0,(anonymous_9)
FNDA:0,(anonymous_10)
FNDA:0,(anonymous_11)
DA:3,3
DA:4,3
DA:5,3
DA:6,3
DA:9,3
DA:11,4
DA:14,4
DA:17,4
DA:23,4
DA:26,4
DA:31,6
DA:32,4
DA:34,4
DA:35,4
DA:37,4
DA:38,4
DA:41,4
DA:42,4
DA:49,3
DA:50,8
DA:51,8
DA:52,8
DA:53,8
DA:55,8
DA:56,8
DA:57,20
DA:59,20
DA:60,0
DA:62,20
DA:71,3
DA:72,0
DA:73,0
DA:74,0
DA:75,0
DA:76,0
DA:81,0
DA:87,3
DA:88,2
DA:90,2
DA:93,2
DA:94,2
DA:95,2
DA:98,2
DA:101,2
DA:102,0
DA:106,2
DA:107,2
DA:108,5
DA:109,5
DA:111,5
DA:114,5
DA:115,0
DA:116,0
DA:118,0
DA:122,5
DA:123,5
DA:128,2
DA:130,2
DA:136,3
DA:137,2
DA:139,2
DA:141,2
DA:144,2
DA:145,2
DA:146,2
DA:150,2
DA:151,0
DA:155,2
DA:156,2
DA:157,5
DA:158,5
DA:160,5
DA:162,5
DA:163,0
DA:164,0
DA:167,5
DA:168,5
DA:169,5
DA:174,2
DA:180,3
DA:181,8
DA:183,4
DA:185,4
DA:186,4
DA:187,10
DA:188,10
DA:190,10
DA:192,10
DA:193,0
DA:194,0
DA:195,0
DA:197,10
DA:200,10
DA:209,2
DA:211,2
DA:212,2
DA:214,2
DA:215,5
DA:216,5
DA:220,2
DA:227,3
DA:228,4
DA:230,4
DA:232,4
DA:233,4
DA:234,10
DA:235,10
DA:237,10
DA:239,10
DA:240,10
DA:245,4
DA:252,0
DA:258,3
DA:259,0
DA:260,0
DA:262,0
DA:269,3
DA:270,0
DA:271,0
DA:273,0
DA:275,3
LF:121
LH:97
BRDA:31,0,0,0
BRDA:31,0,1,4
BRDA:31,1,0,2
BRDA:31,1,1,2
BRDA:32,2,0,4
BRDA:32,2,1,4
BRDA:37,3,0,4
BRDA:37,3,1,0
BRDA:37,4,0,4
BRDA:37,4,1,4
BRDA:41,5,0,4
BRDA:41,5,1,0
BRDA:51,6,0,8
BRDA:51,6,1,2
BRDA:51,6,2,0
BRDA:55,7,0,8
BRDA:55,7,1,0
BRDA:59,8,0,0
BRDA:59,8,1,20
BRDA:59,9,0,20
BRDA:59,9,1,0
BRDA:72,10,0,0
BRDA:72,10,1,0
BRDA:72,11,0,0
BRDA:72,11,1,0
BRDA:75,12,0,0
BRDA:75,12,1,0
BRDA:76,13,0,0
BRDA:76,13,1,0
BRDA:87,14,0,0
BRDA:87,14,1,2
BRDA:88,15,0,0
BRDA:88,15,1,2
BRDA:93,16,0,2
BRDA:93,16,1,0
BRDA:98,17,0,0
BRDA:98,17,1,2
BRDA:101,18,0,0
BRDA:101,18,1,2
BRDA:106,19,0,2
BRDA:106,19,1,0
BRDA:111,20,0,0
BRDA:111,20,1,5
BRDA:114,21,0,0
BRDA:114,21,1,5
BRDA:114,22,0,5
BRDA:114,22,1,0
BRDA:115,23,0,0
BRDA:115,23,1,0
BRDA:115,24,0,0
BRDA:115,24,1,0
BRDA:122,25,0,5
BRDA:122,25,1,0
BRDA:122,26,0,5
BRDA:122,26,1,0
BRDA:122,26,2,0
BRDA:136,27,0,0
BRDA:136,27,1,2
BRDA:137,28,0,0
BRDA:137,28,1,2
BRDA:144,29,0,2
BRDA:144,29,1,0
BRDA:144,30,0,2
BRDA:144,30,1,2
BRDA:150,31,0,0
BRDA:150,31,1,2
BRDA:155,32,0,2
BRDA:155,32,1,0
BRDA:160,33,0,0
BRDA:160,33,1,5
BRDA:162,34,0,0
BRDA:162,34,1,5
BRDA:162,35,0,5
BRDA:162,35,1,0
BRDA:163,36,0,0
BRDA:163,36,1,0
BRDA:167,37,0,5
BRDA:167,37,1,0
BRDA:167,38,0,5
BRDA:167,38,1,0
BRDA:169,39,0,0
BRDA:169,39,1,5
BRDA:211,40,0,2
BRDA:211,40,1,0
BRDA:216,41,0,5
BRDA:216,41,1,0
BRDA:181,42,0,4
BRDA:181,42,1,4
BRDA:183,43,0,2
BRDA:183,43,1,2
BRDA:185,44,0,4
BRDA:185,44,1,0
BRDA:190,45,0,0
BRDA:190,45,1,10
BRDA:192,46,0,0
BRDA:192,46,1,10
BRDA:192,47,0,10
BRDA:192,47,1,0
BRDA:200,48,0,0
BRDA:200,48,1,10
BRDA:200,49,0,10
BRDA:200,49,1,0
BRDA:228,50,0,0
BRDA:228,50,1,4
BRDA:230,51,0,0
BRDA:230,51,1,4
BRDA:232,52,0,4
BRDA:232,52,1,0
BRDA:237,53,0,0
BRDA:237,53,1,10
BRDA:239,54,0,10
BRDA:239,54,1,0
BRDA:239,55,0,10
BRDA:239,55,1,0
BRDA:239,55,2,0
BRDA:239,55,3,0
BRDA:270,56,0,0
BRDA:270,56,1,0
BRDA:270,57,0,0
BRDA:270,57,1,0
BRDA:271,58,0,0
BRDA:271,58,1,0
BRDA:271,59,0,0
BRDA:271,59,1,0
BRF:124
BRH:56
end_of_record
TN:
SF:/Users/kdarutkin/Documents/GitHub/mtproto-js/src/tl/flags.ts
FN:4,(anonymous_0)
FN:14,TLFlags
FN:24,(anonymous_2)
FN:32,(anonymous_3)
FNF:4
FNH:4
FNDA:4,(anonymous_0)
FNDA:2,TLFlags
FNDA:4,(anonymous_2)
FNDA:3,(anonymous_3)
DA:1,4
DA:4,4
DA:6,2
DA:9,2
DA:15,2
DA:16,2
DA:24,4
DA:25,4
DA:32,4
DA:33,3
DA:35,4
LF:11
LH:11
BRDA:15,0,0,2
BRDA:15,0,1,0
BRF:2
BRH:1
end_of_record
TN:
SF:/Users/kdarutkin/Documents/GitHub/mtproto-js/src/tl/number.ts
FN:9,(anonymous_0)
FN:25,TLNumber
FN:46,(anonymous_2)
FN:58,(anonymous_3)
FNF:4
FNH:4
FNDA:5,(anonymous_0)
FNDA:32,TLNumber
FNDA:13,(anonymous_2)
FNDA:12,(anonymous_3)
DA:3,5
DA:9,5
DA:14,5
DA:19,32
DA:26,32
DA:28,32
DA:30,32
DA:31,10
DA:32,4
DA:33,12
DA:34,0
DA:35,6
DA:37,0
DA:40,32
DA:46,13
DA:47,13
DA:49,13
DA:50,13
DA:52,13
DA:58,12
DA:59,12
DA:61,12
DA:62,12
DA:64,12
DA:66,5
LF:25
LH:23
BRDA:26,0,0,32
BRDA:26,0,1,32
BRDA:31,1,0,10
BRDA:31,1,1,4
BRDA:31,1,2,12
BRDA:31,1,3,0
BRDA:31,1,4,6
BRDA:31,1,5,0
BRDA:40,2,0,3
BRDA:40,2,1,29
BRDA:46,3,0,0
BRDA:46,3,1,13
BRDA:47,4,0,0
BRDA:47,4,1,13
BRDA:58,5,0,0
BRDA:58,5,1,12
BRDA:59,6,0,0
BRDA:59,6,1,12
BRF:18
BRH:12
end_of_record
TN:
SF:/Users/kdarutkin/Documents/GitHub/mtproto-js/src/tl/resolve.ts
FN:14,resolve
FNF:1
FNH:1
FNDA:47,resolve
DA:3,3
DA:4,3
DA:5,3
DA:6,3
DA:7,3
DA:8,3
DA:14,3
DA:15,47
DA:16,47
DA:18,47
DA:19,47
DA:20,47
DA:21,47
DA:22,47
DA:24,47
DA:25,1
DA:26,1
DA:27,1
DA:28,1
DA:31,47
DA:32,0
DA:33,0
DA:37,47
DA:38,23
DA:41,24
DA:42,14
DA:45,10
DA:46,5
DA:49,5
DA:50,0
DA:53,5
DA:54,0
DA:57,5
DA:58,5
DA:59,5
DA:63,0
DA:66,47
DA:67,47
DA:68,47
DA:70,47
LF:40
LH:35
BRDA:24,0,0,1
BRDA:24,0,1,46
BRDA:31,1,0,0
BRDA:31,1,1,47
BRDA:37,2,0,23
BRDA:37,2,1,24
BRDA:41,3,0,14
BRDA:41,3,1,10
BRDA:45,4,0,5
BRDA:45,4,1,5
BRDA:49,5,0,0
BRDA:49,5,1,5
BRDA:53,6,0,0
BRDA:53,6,1,5
BRDA:57,7,0,5
BRDA:57,7,1,0
BRF:16
BRH:12
end_of_record
TN:
SF:/Users/kdarutkin/Documents/GitHub/mtproto-js/src/tl/vector.ts
FN:8,(anonymous_0)
FN:32,TLVector
FN:52,(anonymous_2)
FN:69,(anonymous_3)
FN:76,(anonymous_4)
FN:119,(anonymous_5)
FN:161,(anonymous_6)
FN:162,(anonymous_7)
FN:147,(anonymous_8)
FN:168,(anonymous_9)
FN:181,(anonymous_10)
FNF:11
FNH:9
FNDA:3,(anonymous_0)
FNDA:19,TLVector
FNDA:24,(anonymous_2)
FNDA:0,(anonymous_3)
FNDA:8,(anonymous_4)
FNDA:8,(anonymous_5)
FNDA:8,(anonymous_6)
FNDA:12,(anonymous_7)
FNDA:40,(anonymous_8)
FNDA:10,(anonymous_9)
FNDA:0,(anonymous_10)
DA:4,3
DA:5,3
DA:8,3
DA:10,3
DA:13,19
DA:16,19
DA:32,31
DA:33,19
DA:35,19
DA:37,19
DA:38,19
DA:40,19
DA:41,19
DA:44,19
DA:46,19
DA:52,3
DA:53,24
DA:54,24
DA:56,24
DA:57,24
DA:60,24
DA:63,0
DA:69,3
DA:70,0
DA:76,8
DA:77,8
DA:79,8
DA:82,8
DA:84,8
DA:85,8
DA:87,8
DA:88,8
DA:91,8
DA:92,0
DA:93,0
DA:94,0
DA:95,0
DA:96,0
DA:101,8
DA:102,12
DA:104,12
DA:105,12
DA:106,12
DA:107,12
DA:111,8
DA:113,8
DA:119,8
DA:120,8
DA:122,8
DA:124,8
DA:127,8
DA:128,6
DA:129,6
DA:133,8
DA:134,8
DA:136,8
DA:137,12
DA:140,8
DA:147,3
DA:148,40
DA:149,20
DA:151,20
DA:152,12
DA:153,12
DA:162,12
DA:168,3
DA:169,10
DA:171,10
DA:172,14
DA:175,10
DA:182,0
DA:184,3
LF:72
LH:64
BRDA:32,0,0,12
BRDA:32,0,1,7
BRDA:32,1,0,12
BRDA:32,1,1,7
BRDA:33,2,0,19
BRDA:33,2,1,19
BRDA:40,3,0,19
BRDA:40,3,1,0
BRDA:46,4,0,19
BRDA:46,4,1,0
BRDA:53,5,0,24
BRDA:53,5,1,0
BRDA:56,6,0,24
BRDA:56,6,1,0
BRDA:57,7,0,11
BRDA:57,7,1,13
BRDA:76,8,0,0
BRDA:76,8,1,8
BRDA:77,9,0,0
BRDA:77,9,1,8
BRDA:82,10,0,2
BRDA:82,10,1,6
BRDA:82,11,0,8
BRDA:82,11,1,8
BRDA:84,12,0,2
BRDA:84,12,1,6
BRDA:85,13,0,2
BRDA:85,13,1,6
BRDA:91,14,0,0
BRDA:91,14,1,8
BRDA:91,15,0,8
BRDA:91,15,1,0
BRDA:94,16,0,0
BRDA:94,16,1,0
BRDA:94,17,0,0
BRDA:94,17,1,0
BRDA:95,18,0,0
BRDA:95,18,1,0
BRDA:95,18,2,0
BRDA:104,19,0,12
BRDA:104,19,1,0
BRDA:119,20,0,0
BRDA:119,20,1,8
BRDA:120,21,0,0
BRDA:120,21,1,8
BRDA:127,22,0,6
BRDA:127,22,1,2
BRDA:148,23,0,20
BRDA:148,23,1,20
BRDA:148,24,0,40
BRDA:148,24,1,21
BRDA:153,25,0,12
BRDA:153,25,1,0
BRDA:169,26,0,2
BRDA:169,26,1,8
BRF:55
BRH:36
end_of_record
TN:
SF:/Users/kdarutkin/Documents/GitHub/mtproto-js/src/utils/crc32.ts
FN:3,(anonymous_0)
FN:19,crc32
FNF:2
FNH:2
FNDA:6,(anonymous_0)
FNDA:4,crc32
DA:3,6
DA:4,6
DA:7,6
DA:8,1536
DA:10,1536
DA:11,12288
DA:14,1536
DA:16,6
DA:19,6
DA:20,4
DA:22,4
DA:23,132
DA:26,4
LF:13
LH:13
BRDA:11,0,0,6144
BRDA:11,0,1,6144
BRF:2
BRH:2
end_of_record
